#
# There is insufficient memory for the Java Runtime Environment to continue.
# Native memory allocation (mmap) failed to map 67108864 bytes for G1 virtual space
# Possible reasons:
#   The system is out of physical RAM or swap space
#   The process is running with CompressedOops enabled, and the Java Heap may be blocking the growth of the native heap
# Possible solutions:
#   Reduce memory load on the system
#   Increase physical memory or swap space
#   Check if swap backing store is full
#   Decrease Java heap size (-Xmx/-Xms)
#   Decrease number of Java threads
#   Decrease Java thread stack sizes (-Xss)
#   Set larger code cache with -XX:ReservedCodeCacheSize=
#   JVM is running with Unscaled Compressed Oops mode in which the Java heap is
#     placed in the first 4GB address space. The Java Heap base address is the
#     maximum limit for the native heap growth. Please use -XX:HeapBaseMinAddress
#     to set the Java Heap base and to place the Java Heap above 4GB virtual address.
# This output file may be truncated or incomplete.
#
#  Out of Memory Error (./open/src/hotspot/os/windows/os_windows.cpp:3472), pid=17240, tid=7252
#
# JRE version:  (15.0.1+9) (build )
# Java VM: OpenJDK 64-Bit Server VM (15.0.1+9-18, mixed mode, sharing, tiered, compressed oops, g1 gc, windows-amd64)
# No core dump will be written. Minidumps are not enabled by default on client versions of Windows
#

---------------  S U M M A R Y ------------

Command Line: -Dfile.encoding=Cp1252 -XX:+ShowCodeDetailsInExceptionMessages library.management.com.Issue_Book

Host: Intel(R) Core(TM) i3-3210 CPU @ 3.20GHz, 4 cores, 3G,  Windows 10 , 64 bit Build 19041 (10.0.19041.804)
Time: Mon Feb 22 18:07:21 2021 India Standard Time elapsed time: 0.153192 seconds (0d 0h 0m 0s)

---------------  T H R E A D  ---------------

Current thread (0x000001771d219090):  JavaThread "Unknown thread" [_thread_in_vm, id=7252, stack(0x0000005e48f00000,0x0000005e49000000)]

Stack: [0x0000005e48f00000,0x0000005e49000000]
Native frames: (J=compiled Java code, j=interpreted, Vv=VM code, C=native code)
V  [jvm.dll+0x62ae9a]
V  [jvm.dll+0x781389]
V  [jvm.dll+0x782ae3]
V  [jvm.dll+0x783143]
V  [jvm.dll+0x216265]
V  [jvm.dll+0x6281d9]
V  [jvm.dll+0x61cd15]
V  [jvm.dll+0x2d01fd]
V  [jvm.dll+0x2d0062]
V  [jvm.dll+0x2d603c]
V  [jvm.dll+0x325b2a]
V  [jvm.dll+0x3251f4]
V  [jvm.dll+0x2a717a]
V  [jvm.dll+0x2a8318]
V  [jvm.dll+0x75e101]
V  [jvm.dll+0x3343e4]
V  [jvm.dll+0x73e826]
V  [jvm.dll+0x3b7777]
V  [jvm.dll+0x3b9201]
C  [jli.dll+0x52fb]
C  [ucrtbase.dll+0x21bb2]
C  [KERNEL32.DLL+0x17034]
C  [ntdll.dll+0x4d241]


---------------  P R O C E S S  ---------------

Threads class SMR info:
_java_thread_list=0x00007ffe55ed4ff0, length=0, elements={
}

Java Threads: ( => current thread )

Other Threads:
  0x000001771d243470 GCTaskThread "GC Thread#0" [stack: 0x0000005e49000000,0x0000005e49100000] [id=10444]
  0x000001771d24cc30 ConcurrentGCThread "G1 Main Marker" [stack: 0x0000005e49100000,0x0000005e49200000] [id=12332]
  0x000001771d24d8a0 ConcurrentGCThread "G1 Conc#0" [stack: 0x0000005e49200000,0x0000005e49300000] [id=10092]

[error occurred during error reporting (printing all threads), id 0xc0000005, EXCEPTION_ACCESS_VIOLATION (0xc0000005) at pc=0x00007ffe556c8047]

VM state: not at safepoint (not fully initialized)

VM Mutex/Monitor currently owned by a thread:  ([mutex/lock_event])
[0x000001771d214c70] Heap_lock - owner thread: 0x000001771d219090

Heap address: 0x00000000c1800000, size: 1000 MB, Compressed Oops mode: 32-bit
CDS archive(s) mapped at: [0x0000000000000000-0x0000000000000000-0x0000000000000000), size 0, SharedBaseAddress: 0x0000000800000000, ArchiveRelocationMode: 0.
Narrow klass base: 0x0000000000000000, Narrow klass shift: 0, Narrow klass range: 0x0

Heap:
 garbage-first heap   total 65536K, used 0K [0x00000000c1800000, 0x0000000100000000)
  region size 1024K, 0 young (0K), 0 survivors (0K)
 Metaspace       used 0K, capacity 0K, committed 0K, reserved 0K
  class space    used 0K, capacity 0K, committed 0K, reserved 0K

Heap Regions: E=young(eden), S=young(survivor), O=old, HS=humongous(starts), HC=humongous(continues), CS=collection set, F=free, OA=open archive, CA=closed archive, TAMS=top-at-mark-start (previous, next)

Card table byte_map: [0x0000017731c30000,0x0000017731e30000] _byte_map_base: 0x0000017731624000

Marking Bits (Prev, Next): (CMBitMap*) 0x000001771d243c60, (CMBitMap*) 0x000001771d243ca0
 Prev Bits: [0x0000017732030000, 0x0000017732fd0000)
 Next Bits: [0x0000017732fd0000, 0x0000017733f70000)

GC Heap History (0 events):
No events

Deoptimization events (0 events):
No events

Classes unloaded (0 events):
No events

Classes redefined (0 events):
No events

Internal exceptions (0 events):
No events

Events (1 events):
Event: 0.014 Loaded shared library C:\Users\Home\.p2\pool\plugins\org.eclipse.justj.openjdk.hotspot.jre.full.win32.x86_64_15.0.1.v20201027-0507\jre\bin\java.dll


Dynamic libraries:
0x00007ff62bf80000 - 0x00007ff62bf8d000 	C:\Users\Home\.p2\pool\plugins\org.eclipse.justj.openjdk.hotspot.jre.full.win32.x86_64_15.0.1.v20201027-0507\jre\bin\javaw.exe
0x00007ffe83690000 - 0x00007ffe83886000 	C:\WINDOWS\SYSTEM32\ntdll.dll
0x00007ffe650a0000 - 0x00007ffe650b2000 	C:\Program Files\AVAST Software\Avast\aswhook.dll
0x00007ffe81b10000 - 0x00007ffe81bcd000 	C:\WINDOWS\System32\KERNEL32.DLL
0x00007ffe80dd0000 - 0x00007ffe81099000 	C:\WINDOWS\System32\KERNELBASE.dll
0x00007ffe813a0000 - 0x00007ffe814a0000 	C:\WINDOWS\System32\ucrtbase.dll
0x00007ffe71310000 - 0x00007ffe71328000 	C:\Users\Home\.p2\pool\plugins\org.eclipse.justj.openjdk.hotspot.jre.full.win32.x86_64_15.0.1.v20201027-0507\jre\bin\jli.dll
0x00007ffe83320000 - 0x00007ffe834c0000 	C:\WINDOWS\System32\USER32.dll
0x00007ffe81610000 - 0x00007ffe81632000 	C:\WINDOWS\System32\win32u.dll
0x00007ffe82fa0000 - 0x00007ffe82fca000 	C:\WINDOWS\System32\GDI32.dll
0x00007ffe81260000 - 0x00007ffe8136b000 	C:\WINDOWS\System32\gdi32full.dll
0x00007ffe814a0000 - 0x00007ffe8153d000 	C:\WINDOWS\System32\msvcp_win.dll
0x00007ffe712f0000 - 0x00007ffe71309000 	C:\Users\Home\.p2\pool\plugins\org.eclipse.justj.openjdk.hotspot.jre.full.win32.x86_64_15.0.1.v20201027-0507\jre\bin\VCRUNTIME140.dll
0x00007ffe799d0000 - 0x00007ffe79c6b000 	C:\WINDOWS\WinSxS\amd64_microsoft.windows.common-controls_6595b64144ccf1df_6.0.19041.746_none_ca02b4b61b8320a4\COMCTL32.dll
0x00007ffe81a70000 - 0x00007ffe81b0e000 	C:\WINDOWS\System32\msvcrt.dll
0x00007ffe82e30000 - 0x00007ffe82e60000 	C:\WINDOWS\System32\IMM32.DLL
0x00007ffe7dcc0000 - 0x00007ffe7dccc000 	C:\Users\Home\.p2\pool\plugins\org.eclipse.justj.openjdk.hotspot.jre.full.win32.x86_64_15.0.1.v20201027-0507\jre\bin\vcruntime140_1.dll
0x00007ffe69590000 - 0x00007ffe69621000 	C:\Users\Home\.p2\pool\plugins\org.eclipse.justj.openjdk.hotspot.jre.full.win32.x86_64_15.0.1.v20201027-0507\jre\bin\msvcp140.dll
0x00007ffe55410000 - 0x00007ffe55f6e000 	C:\Users\Home\.p2\pool\plugins\org.eclipse.justj.openjdk.hotspot.jre.full.win32.x86_64_15.0.1.v20201027-0507\jre\bin\server\jvm.dll
0x00007ffe822c0000 - 0x00007ffe8236c000 	C:\WINDOWS\System32\ADVAPI32.dll
0x00007ffe83040000 - 0x00007ffe830dc000 	C:\WINDOWS\System32\sechost.dll
0x00007ffe82e70000 - 0x00007ffe82f9b000 	C:\WINDOWS\System32\RPCRT4.dll
0x00007ffe826d0000 - 0x00007ffe826d8000 	C:\WINDOWS\System32\PSAPI.DLL
0x00007ffe788c0000 - 0x00007ffe788c9000 	C:\WINDOWS\SYSTEM32\WSOCK32.dll
0x00007ffe82fd0000 - 0x00007ffe8303b000 	C:\WINDOWS\System32\WS2_32.dll
0x00007ffe6e770000 - 0x00007ffe6e797000 	C:\WINDOWS\SYSTEM32\WINMM.dll
0x00007ffe7c950000 - 0x00007ffe7c95a000 	C:\WINDOWS\SYSTEM32\VERSION.dll
0x00007ffe7ed40000 - 0x00007ffe7ed52000 	C:\WINDOWS\SYSTEM32\kernel.appcore.dll
0x00007ffe7dd40000 - 0x00007ffe7dd4a000 	C:\Users\Home\.p2\pool\plugins\org.eclipse.justj.openjdk.hotspot.jre.full.win32.x86_64_15.0.1.v20201027-0507\jre\bin\jimage.dll
0x00007ffe7acf0000 - 0x00007ffe7aed4000 	C:\WINDOWS\SYSTEM32\DBGHELP.DLL
0x00007ffe7acc0000 - 0x00007ffe7acec000 	C:\WINDOWS\SYSTEM32\dbgcore.DLL
0x00007ffe81540000 - 0x00007ffe815c0000 	C:\WINDOWS\System32\bcryptPrimitives.dll
0x00007ffe7a540000 - 0x00007ffe7a565000 	C:\Users\Home\.p2\pool\plugins\org.eclipse.justj.openjdk.hotspot.jre.full.win32.x86_64_15.0.1.v20201027-0507\jre\bin\java.dll

dbghelp: loaded successfully - version: 4.0.5 - missing functions: none
symbol engine: initialized successfully - sym options: 0x614 - pdb path: .;C:\Users\Home\.p2\pool\plugins\org.eclipse.justj.openjdk.hotspot.jre.full.win32.x86_64_15.0.1.v20201027-0507\jre\bin;C:\WINDOWS\SYSTEM32;C:\Program Files\AVAST Software\Avast;C:\WINDOWS\WinSxS\amd64_microsoft.windows.common-controls_6595b64144ccf1df_6.0.19041.746_none_ca02b4b61b8320a4;C:\Users\Home\.p2\pool\plugins\org.eclipse.justj.openjdk.hotspot.jre.full.win32.x86_64_15.0.1.v20201027-0507\jre\bin\server

VM Arguments:
jvm_args: -Dfile.encoding=Cp1252 -XX:+ShowCodeDetailsInExceptionMessages 
java_command: library.management.com.Issue_Book
java_class_path (initial): C:\Users\Home\eclipse-workspace\Library Management System\bin;C:\Users\Home\Desktop\mysql-connector-java-8.0.23\mysql-connector-java-8.0.23\mysql-connector-java-8.0.23.jar;C:\Users\Home\eclipse-workspace\Library Management System\src\library\management\com\Jar\jcalendar-tz-1.3.3-4.jar;C:\Users\Home\eclipse-workspace\Library Management System\src\library\management\com\Jar\rs2xml.jar
Launcher Type: SUN_STANDARD

[Global flags]
     intx CICompilerCount                          = 3                                         {product} {ergonomic}
     uint ConcGCThreads                            = 1                                         {product} {ergonomic}
     uint G1ConcRefinementThreads                  = 4                                         {product} {ergonomic}
   size_t G1HeapRegionSize                         = 1048576                                   {product} {ergonomic}
    uintx GCDrainStackTargetSize                   = 64                                        {product} {ergonomic}
   size_t InitialHeapSize                          = 67108864                                  {product} {ergonomic}
   size_t MarkStackSize                            = 4194304                                   {product} {ergonomic}
   size_t MaxHeapSize                              = 1048576000                                {product} {ergonomic}
   size_t MinHeapDeltaBytes                        = 1048576                                   {product} {ergonomic}
   size_t MinHeapSize                              = 8388608                                   {product} {ergonomic}
    uintx NonNMethodCodeHeapSize                   = 5832780                                {pd product} {ergonomic}
    uintx NonProfiledCodeHeapSize                  = 122912730                              {pd product} {ergonomic}
    uintx ProfiledCodeHeapSize                     = 122912730                              {pd product} {ergonomic}
    uintx ReservedCodeCacheSize                    = 251658240                              {pd product} {ergonomic}
     bool SegmentedCodeCache                       = true                                      {product} {ergonomic}
     bool ShowCodeDetailsInExceptionMessages       = true                                   {manageable} {command line}
   size_t SoftMaxHeapSize                          = 1048576000                             {manageable} {ergonomic}
     bool UseCompressedClassPointers               = true                                 {lp64_product} {ergonomic}
     bool UseCompressedOops                        = true                                 {lp64_product} {ergonomic}
     bool UseG1GC                                  = true                                      {product} {ergonomic}
     bool UseLargePagesIndividualAllocation        = false                                  {pd product} {ergonomic}

Logging:
Log output configuration:
 #0: stdout all=warning uptime,level,tags
 #1: stderr all=off uptime,level,tags

Environment Variables:
PATH=C:/Users/Home/.p2/pool/plugins/org.eclipse.justj.openjdk.hotspot.jre.full.win32.x86_64_15.0.1.v20201027-0507/jre/bin/server;C:/Users/Home/.p2/pool/plugins/org.eclipse.justj.openjdk.hotspot.jre.full.win32.x86_64_15.0.1.v20201027-0507/jre/bin;C:\Program Files (x86)\Common Files\Oracle\Java\javapath;C:\Program Files\Common Files\Oracle\Java\javapath;C:\WINDOWS\system32;C:\WINDOWS;C:\WINDOWS\System32\Wbem;C:\WINDOWS\System32\WindowsPowerShell\v1.0\;C:\WINDOWS\System32\OpenSSH\;C:\Program Files\Java\jdk-15.0.1\bin;C:\Program Files\Java\jre1.8.0_271\bin;C:\Users\Home\AppData\Local\Microsoft\WindowsApps;;C:\Users\Home\Desktop;
USERNAME=Home
OS=Windows_NT
PROCESSOR_IDENTIFIER=Intel64 Family 6 Model 58 Stepping 9, GenuineIntel



---------------  S Y S T E M  ---------------

OS:
 Windows 10 , 64 bit Build 19041 (10.0.19041.804)
OS uptime: 0 days 8:16 hours

CPU: total 4 (initial active 4) (2 cores per cpu, 2 threads per core) family 6 model 58 stepping 9 microcode 0x21, cmov, cx8, fxsr, mmx, sse, sse2, sse3, ssse3, sse4.1, sse4.2, popcnt, vzeroupper, avx, clmul, erms, ht, tsc, tscinvbit, tscinv, clflush

Memory: 4k page, system-wide physical 3996M (259M free)
TotalPageFile size 16284M (AvailPageFile size 38M)
current process WorkingSet (physical memory assigned to process): 10M, peak: 10M
current process commit charge ("private bytes"): 51M, peak: 115M

vm_info: OpenJDK 64-Bit Server VM (15.0.1+9-18) for windows-amd64 JRE (15.0.1+9-18), built on Sep 15 2020 14:39:31 by "mach5one" with unknown MS VC++:1925

END.
