#
# A fatal error has been detected by the Java Runtime Environment:
#
#  EXCEPTION_UNCAUGHT_CXX_EXCEPTION (0xe06d7363) at pc=0x00007ffe80dfd759, pid=10692, tid=16400
#
# JRE version: OpenJDK Runtime Environment (15.0.1+9) (build 15.0.1+9-18)
# Java VM: OpenJDK 64-Bit Server VM (15.0.1+9-18, mixed mode, tiered, compressed oops, g1 gc, windows-amd64)
# Problematic frame:
# C  [KERNELBASE.dll+0x2d759]
#
# No core dump will be written. Minidumps are not enabled by default on client versions of Windows
#
# If you would like to submit a bug report, please visit:
#   https://bugreport.java.com/bugreport/crash.jsp
#

---------------  S U M M A R Y ------------

Command Line: -Dfile.encoding=Cp1252 -XX:+ShowCodeDetailsInExceptionMessages library.management.com.Issue_Book

Host: Intel(R) Core(TM) i3-3210 CPU @ 3.20GHz, 4 cores, 3G,  Windows 10 , 64 bit Build 19041 (10.0.19041.804)
Time: Mon Feb 22 19:03:51 2021 India Standard Time elapsed time: 0.304127 seconds (0d 0h 0m 0s)

---------------  T H R E A D  ---------------

Current thread (0x0000021074c19090):  JavaThread "main" [_thread_in_vm, id=16400, stack(0x0000004442300000,0x0000004442400000)]

Stack: [0x0000004442300000,0x0000004442400000],  sp=0x00000044423fd870,  free space=1014k
Native frames: (J=compiled Java code, j=interpreted, Vv=VM code, C=native code)
C  [KERNELBASE.dll+0x2d759]
C  [VCRUNTIME140.dll+0x61e0]
C  [jimage.dll+0x3667]
C  [jimage.dll+0x2a51]
C  [jimage.dll+0x146b]
C  [jimage.dll+0x1ed3]
C  [jimage.dll+0x1f6a]
C  [jimage.dll+0x26a2]
V  [jvm.dll+0x1c6797]
V  [jvm.dll+0x1c5580]
V  [jvm.dll+0x706143]
V  [jvm.dll+0x707b08]
V  [jvm.dll+0x707e03]
V  [jvm.dll+0x20f044]
V  [jvm.dll+0x20f2d2]
V  [jvm.dll+0x51f758]
V  [jvm.dll+0x522550]
V  [jvm.dll+0x34d760]
V  [jvm.dll+0x34cd9f]
C  0x000002100001d9b8

Java frames: (J=compiled Java code, j=interpreted, Vv=VM code)
j  java.lang.Throwable.<clinit>()V+23 java.base
v  ~StubRoutines::call_stub

siginfo: EXCEPTION_UNCAUGHT_CXX_EXCEPTION (0xe06d7363), ExceptionInformation=0x0000000019930520 0x00000044423fd9d0 0x00007ffe7dd45120 0x00007ffe7dd40000 


Register to memory mapping:

RIP=0x00007ffe80dfd759 KERNELBASE.dll
RAX=0x00000044423fd209 is pointing into the stack for thread: 0x0000021074c19090
RBX=0x00007ffe7dd45120 jimage.dll
RCX=0x0000021072a30000 points into unknown readable memory: 0x0000000000000000 | 00 00 00 00 00 00 00 00
RDX=0x00007ffe836a6f9c ntdll.dll
RSP=0x00000044423fd870 is pointing into the stack for thread: 0x0000021074c19090
RBP=0x00000044423fdb00 is pointing into the stack for thread: 0x0000021074c19090
RSI=0x00000044423fd9d0 is pointing into the stack for thread: 0x0000021074c19090
RDI=0x0000000019930520 is an unknown value
R8 =0x00007ffe55a0ca73 jvm.dll
R9 =0x0000000000000001 is an unknown value
R10=0x00007ffe559dfb61 jvm.dll
R11=0x0000000000000401 is an unknown value
R12=0x0000000000008283 is an unknown value
R13=0x0000021074c19090 is a thread
R14=0x000002107d87c0c0 points into unknown readable memory: 0x65746e692f6b646a | 6a 64 6b 2f 69 6e 74 65
R15=0x000002107d87c0c0 points into unknown readable memory: 0x65746e692f6b646a | 6a 64 6b 2f 69 6e 74 65


Registers:
RAX=0x00000044423fd209, RBX=0x00007ffe7dd45120, RCX=0x0000021072a30000, RDX=0x00007ffe836a6f9c
RSP=0x00000044423fd870, RBP=0x00000044423fdb00, RSI=0x00000044423fd9d0, RDI=0x0000000019930520
R8 =0x00007ffe55a0ca73, R9 =0x0000000000000001, R10=0x00007ffe559dfb61, R11=0x0000000000000401
R12=0x0000000000008283, R13=0x0000021074c19090, R14=0x000002107d87c0c0, R15=0x000002107d87c0c0
RIP=0x00007ffe80dfd759, EFLAGS=0x0000000000000206

Top of Stack: (sp=0x00000044423fd870)
0x00000044423fd870:   0000000000000000 00007ffe7dd45120
0x00000044423fd880:   00000044423fd9d0 0000000000008283
0x00000044423fd890:   00000001e06d7363 0000000000000000
0x00000044423fd8a0:   00007ffe80dfd759 00007ffe00000004
0x00000044423fd8b0:   0000000019930520 00000044423fd9d0
0x00000044423fd8c0:   00007ffe7dd45120 00007ffe7dd40000
0x00000044423fd8d0:   0000021074c19090 0000000000008283
0x00000044423fd8e0:   00000044423fd9d0 00000044423fdb00
0x00000044423fd8f0:   00000044423fd970 00007ffe836b698f
0x00000044423fd900:   0000000019930520 0000021000000000
0x00000044423fd910:   0000000000000000 00007ffe836dab60
0x00000044423fd920:   00007ffe7dd47000 00007ffe7dd40000
0x00000044423fd930:   000090488f872460 00007ffe80e1da8b
0x00000044423fd940:   00007ffe7dd45120 00007ffe713161e0
0x00000044423fd950:   0000f2d98d025623 00007ffe813afde6
0x00000044423fd960:   0000000000000008 00007ffe813a39ce 

Instructions: (pc=0x00007ffe80dfd759)
0x00007ffe80dfd659:   d8 21 00 00 41 0f 44 c0 89 43 24 8b 41 18 89 43
0x00007ffe80dfd669:   28 65 48 8b 04 25 60 00 00 00 48 8b 48 20 39 79
0x00007ffe80dfd679:   08 7c 36 41 b9 40 00 00 00 48 89 7c 24 20 4c 8d
0x00007ffe80dfd689:   44 24 30 48 83 c9 ff 41 8d 51 e5 48 ff 15 8d 23
0x00007ffe80dfd699:   19 00 0f 1f 44 00 00 85 c0 0f 88 5f 5b 07 00 81
0x00007ffe80dfd6a9:   7c 24 54 33 00 03 00 72 0f 48 8b 9c 24 80 00 00
0x00007ffe80dfd6b9:   00 48 83 c4 70 5f c3 cc 89 7b 2c eb ec cc cc cc
0x00007ffe80dfd6c9:   cc cc cc cc cc cc cc 65 48 8b 04 25 30 00 00 00
0x00007ffe80dfd6d9:   8b 40 68 c3 cc cc cc cc cc cc cc cc cc cc cc cc
0x00007ffe80dfd6e9:   cc cc cc cc cc cc cc 48 81 ec d8 00 00 00 48 8b
0x00007ffe80dfd6f9:   05 72 e7 25 00 48 33 c4 48 89 84 24 c0 00 00 00
0x00007ffe80dfd709:   48 83 64 24 28 00 48 8d 05 da ff ff ff 83 e2 01
0x00007ffe80dfd719:   89 4c 24 20 89 54 24 24 48 89 44 24 30 4d 85 c9
0x00007ffe80dfd729:   74 4c b8 0f 00 00 00 48 8d 4c 24 40 44 3b c0 49
0x00007ffe80dfd739:   8b d1 44 0f 47 c0 44 89 44 24 38 49 c1 e0 03 e8
0x00007ffe80dfd749:   2a 47 06 00 48 8d 4c 24 20 48 ff 15 af 23 19 00
0x00007ffe80dfd759:   0f 1f 44 00 00 48 8b 8c 24 c0 00 00 00 48 33 cc
0x00007ffe80dfd769:   e8 d2 09 06 00 48 81 c4 d8 00 00 00 c3 cc 83 64
0x00007ffe80dfd779:   24 38 00 eb cf cc cc cc cc cc cc cc cc cc cc cc
0x00007ffe80dfd789:   cc cc cc cc cc cc cc 40 53 48 83 ec 30 48 8b d1
0x00007ffe80dfd799:   48 8d 4c 24 20 e8 25 ce ff ff 85 c0 74 26 48 8b
0x00007ffe80dfd7a9:   4c 24 28 e8 bf 70 ff ff 48 8d 4c 24 20 8b d8 48
0x00007ffe80dfd7b9:   ff 15 a1 1b 19 00 0f 1f 44 00 00 8b c3 48 83 c4
0x00007ffe80dfd7c9:   30 5b c3 cc 83 c8 ff eb f4 cc cc cc cc cc cc cc
0x00007ffe80dfd7d9:   cc cc cc cc cc cc cc 48 8b c4 48 89 58 10 48 89
0x00007ffe80dfd7e9:   70 18 57 48 83 ec 60 0f 57 c0 0f 11 40 b8 48 8d
0x00007ffe80dfd7f9:   35 b2 78 19 00 33 db 48 85 c9 48 0f 45 f1 48 8b
0x00007ffe80dfd809:   d6 48 8d 48 c8 48 ff 15 d3 21 19 00 0f 1f 44 00
0x00007ffe80dfd819:   00 8b f8 89 44 24 70 85 c0 78 1f 41 b0 01 48 8d
0x00007ffe80dfd829:   54 24 30 48 8d 4c 24 20 48 ff 15 50 1b 19 00 0f
0x00007ffe80dfd839:   1f 44 00 00 8b f8 89 44 24 70 85 ff 0f 88 c9 59
0x00007ffe80dfd849:   07 00 48 83 c8 ff 48 8b c8 48 ff c1 66 39 1c 4e 


Stack slot to memory mapping:
stack at sp + 0 slots: 0x0 is NULL
stack at sp + 1 slots: 0x00007ffe7dd45120 jimage.dll
stack at sp + 2 slots: 0x00000044423fd9d0 is pointing into the stack for thread: 0x0000021074c19090
stack at sp + 3 slots: 0x0000000000008283 is an unknown value
stack at sp + 4 slots: 0x00000001e06d7363 is an unknown value
stack at sp + 5 slots: 0x0 is NULL
stack at sp + 6 slots: 0x00007ffe80dfd759 KERNELBASE.dll
stack at sp + 7 slots: 0x00007ffe00000004 is an unknown value


---------------  P R O C E S S  ---------------

Threads class SMR info:
_java_thread_list=0x000002107d81e9e0, length=3, elements={
0x0000021074c19090, 0x000002107d858020, 0x000002107d859180
}

Java Threads: ( => current thread )
=>0x0000021074c19090 JavaThread "main" [_thread_in_vm, id=16400, stack(0x0000004442300000,0x0000004442400000)]
  0x000002107d858020 JavaThread "Reference Handler" daemon [_thread_blocked, id=16444, stack(0x0000004442a00000,0x0000004442b00000)]
  0x000002107d859180 JavaThread "Finalizer" daemon [_thread_blocked, id=3004, stack(0x0000004442b00000,0x0000004442c00000)]

Other Threads:
  0x000002107d820570 VMThread "VM Thread" [stack: 0x0000004442900000,0x0000004442a00000] [id=9864]
  0x0000021074c43470 GCTaskThread "GC Thread#0" [stack: 0x0000004442400000,0x0000004442500000] [id=7892]
  0x0000021074c4cc30 ConcurrentGCThread "G1 Main Marker" [stack: 0x0000004442500000,0x0000004442600000] [id=5108]
  0x0000021074c4d8a0 ConcurrentGCThread "G1 Conc#0" [stack: 0x0000004442600000,0x0000004442700000] [id=11292]
  0x0000021074c9b950 ConcurrentGCThread "G1 Refine#0" [stack: 0x0000004442700000,0x0000004442800000] [id=1820]
  0x0000021074c9d560 ConcurrentGCThread "G1 Young RemSet Sampling" [stack: 0x0000004442800000,0x0000004442900000] [id=10568]

Threads with active compile tasks:

VM state: not at safepoint (normal execution)

VM Mutex/Monitor currently owned by a thread: None

Heap address: 0x00000000c1800000, size: 1000 MB, Compressed Oops mode: 32-bit
CDS disabled.
Compressed class space mapped at: 0x0000000100000000-0x0000000140000000, size: 1073741824
Narrow klass base: 0x0000000000000000, Narrow klass shift: 3, Narrow klass range: 0x140000000

GC Precious Log:
 CPUs: 4 total, 4 available
 Memory: 3996M
 Large Page Support: Disabled
 NUMA Support: Disabled
 Compressed Oops: Enabled (32-bit)
 Heap Region Size: 1M
 Heap Min Capacity: 8M
 Heap Initial Capacity: 64M
 Heap Max Capacity: 1000M
 Pre-touch: Disabled
 Parallel Workers: 4
 Concurrent Workers: 1
 Concurrent Refinement Workers: 4
 Periodic GC: Disabled

Heap:
 garbage-first heap   total 65536K, used 0K [0x00000000c1800000, 0x0000000100000000)
  region size 1024K, 1 young (1024K), 0 survivors (0K)
 Metaspace       used 2418K, capacity 4480K, committed 4480K, reserved 1056768K
  class space    used 190K, capacity 384K, committed 384K, reserved 1048576K

Heap Regions: E=young(eden), S=young(survivor), O=old, HS=humongous(starts), HC=humongous(continues), CS=collection set, F=free, OA=open archive, CA=closed archive, TAMS=top-at-mark-start (previous, next)
|   0|0x00000000c1800000, 0x00000000c1800000, 0x00000000c1900000|  0%| F|  |TAMS 0x00000000c1800000, 0x00000000c1800000| Untracked 
|   1|0x00000000c1900000, 0x00000000c1900000, 0x00000000c1a00000|  0%| F|  |TAMS 0x00000000c1900000, 0x00000000c1900000| Untracked 
|   2|0x00000000c1a00000, 0x00000000c1a00000, 0x00000000c1b00000|  0%| F|  |TAMS 0x00000000c1a00000, 0x00000000c1a00000| Untracked 
|   3|0x00000000c1b00000, 0x00000000c1b00000, 0x00000000c1c00000|  0%| F|  |TAMS 0x00000000c1b00000, 0x00000000c1b00000| Untracked 
|   4|0x00000000c1c00000, 0x00000000c1c00000, 0x00000000c1d00000|  0%| F|  |TAMS 0x00000000c1c00000, 0x00000000c1c00000| Untracked 
|   5|0x00000000c1d00000, 0x00000000c1d00000, 0x00000000c1e00000|  0%| F|  |TAMS 0x00000000c1d00000, 0x00000000c1d00000| Untracked 
|   6|0x00000000c1e00000, 0x00000000c1e00000, 0x00000000c1f00000|  0%| F|  |TAMS 0x00000000c1e00000, 0x00000000c1e00000| Untracked 
|   7|0x00000000c1f00000, 0x00000000c1f00000, 0x00000000c2000000|  0%| F|  |TAMS 0x00000000c1f00000, 0x00000000c1f00000| Untracked 
|   8|0x00000000c2000000, 0x00000000c2000000, 0x00000000c2100000|  0%| F|  |TAMS 0x00000000c2000000, 0x00000000c2000000| Untracked 
|   9|0x00000000c2100000, 0x00000000c2100000, 0x00000000c2200000|  0%| F|  |TAMS 0x00000000c2100000, 0x00000000c2100000| Untracked 
|  10|0x00000000c2200000, 0x00000000c2200000, 0x00000000c2300000|  0%| F|  |TAMS 0x00000000c2200000, 0x00000000c2200000| Untracked 
|  11|0x00000000c2300000, 0x00000000c2300000, 0x00000000c2400000|  0%| F|  |TAMS 0x00000000c2300000, 0x00000000c2300000| Untracked 
|  12|0x00000000c2400000, 0x00000000c2400000, 0x00000000c2500000|  0%| F|  |TAMS 0x00000000c2400000, 0x00000000c2400000| Untracked 
|  13|0x00000000c2500000, 0x00000000c2500000, 0x00000000c2600000|  0%| F|  |TAMS 0x00000000c2500000, 0x00000000c2500000| Untracked 
|  14|0x00000000c2600000, 0x00000000c2600000, 0x00000000c2700000|  0%| F|  |TAMS 0x00000000c2600000, 0x00000000c2600000| Untracked 
|  15|0x00000000c2700000, 0x00000000c2700000, 0x00000000c2800000|  0%| F|  |TAMS 0x00000000c2700000, 0x00000000c2700000| Untracked 
|  16|0x00000000c2800000, 0x00000000c2800000, 0x00000000c2900000|  0%| F|  |TAMS 0x00000000c2800000, 0x00000000c2800000| Untracked 
|  17|0x00000000c2900000, 0x00000000c2900000, 0x00000000c2a00000|  0%| F|  |TAMS 0x00000000c2900000, 0x00000000c2900000| Untracked 
|  18|0x00000000c2a00000, 0x00000000c2a00000, 0x00000000c2b00000|  0%| F|  |TAMS 0x00000000c2a00000, 0x00000000c2a00000| Untracked 
|  19|0x00000000c2b00000, 0x00000000c2b00000, 0x00000000c2c00000|  0%| F|  |TAMS 0x00000000c2b00000, 0x00000000c2b00000| Untracked 
|  20|0x00000000c2c00000, 0x00000000c2c00000, 0x00000000c2d00000|  0%| F|  |TAMS 0x00000000c2c00000, 0x00000000c2c00000| Untracked 
|  21|0x00000000c2d00000, 0x00000000c2d00000, 0x00000000c2e00000|  0%| F|  |TAMS 0x00000000c2d00000, 0x00000000c2d00000| Untracked 
|  22|0x00000000c2e00000, 0x00000000c2e00000, 0x00000000c2f00000|  0%| F|  |TAMS 0x00000000c2e00000, 0x00000000c2e00000| Untracked 
|  23|0x00000000c2f00000, 0x00000000c2f00000, 0x00000000c3000000|  0%| F|  |TAMS 0x00000000c2f00000, 0x00000000c2f00000| Untracked 
|  24|0x00000000c3000000, 0x00000000c3000000, 0x00000000c3100000|  0%| F|  |TAMS 0x00000000c3000000, 0x00000000c3000000| Untracked 
|  25|0x00000000c3100000, 0x00000000c3100000, 0x00000000c3200000|  0%| F|  |TAMS 0x00000000c3100000, 0x00000000c3100000| Untracked 
|  26|0x00000000c3200000, 0x00000000c3200000, 0x00000000c3300000|  0%| F|  |TAMS 0x00000000c3200000, 0x00000000c3200000| Untracked 
|  27|0x00000000c3300000, 0x00000000c3300000, 0x00000000c3400000|  0%| F|  |TAMS 0x00000000c3300000, 0x00000000c3300000| Untracked 
|  28|0x00000000c3400000, 0x00000000c3400000, 0x00000000c3500000|  0%| F|  |TAMS 0x00000000c3400000, 0x00000000c3400000| Untracked 
|  29|0x00000000c3500000, 0x00000000c3500000, 0x00000000c3600000|  0%| F|  |TAMS 0x00000000c3500000, 0x00000000c3500000| Untracked 
|  30|0x00000000c3600000, 0x00000000c3600000, 0x00000000c3700000|  0%| F|  |TAMS 0x00000000c3600000, 0x00000000c3600000| Untracked 
|  31|0x00000000c3700000, 0x00000000c3700000, 0x00000000c3800000|  0%| F|  |TAMS 0x00000000c3700000, 0x00000000c3700000| Untracked 
|  32|0x00000000c3800000, 0x00000000c3800000, 0x00000000c3900000|  0%| F|  |TAMS 0x00000000c3800000, 0x00000000c3800000| Untracked 
|  33|0x00000000c3900000, 0x00000000c3900000, 0x00000000c3a00000|  0%| F|  |TAMS 0x00000000c3900000, 0x00000000c3900000| Untracked 
|  34|0x00000000c3a00000, 0x00000000c3a00000, 0x00000000c3b00000|  0%| F|  |TAMS 0x00000000c3a00000, 0x00000000c3a00000| Untracked 
|  35|0x00000000c3b00000, 0x00000000c3b00000, 0x00000000c3c00000|  0%| F|  |TAMS 0x00000000c3b00000, 0x00000000c3b00000| Untracked 
|  36|0x00000000c3c00000, 0x00000000c3c00000, 0x00000000c3d00000|  0%| F|  |TAMS 0x00000000c3c00000, 0x00000000c3c00000| Untracked 
|  37|0x00000000c3d00000, 0x00000000c3d00000, 0x00000000c3e00000|  0%| F|  |TAMS 0x00000000c3d00000, 0x00000000c3d00000| Untracked 
|  38|0x00000000c3e00000, 0x00000000c3e00000, 0x00000000c3f00000|  0%| F|  |TAMS 0x00000000c3e00000, 0x00000000c3e00000| Untracked 
|  39|0x00000000c3f00000, 0x00000000c3f00000, 0x00000000c4000000|  0%| F|  |TAMS 0x00000000c3f00000, 0x00000000c3f00000| Untracked 
|  40|0x00000000c4000000, 0x00000000c4000000, 0x00000000c4100000|  0%| F|  |TAMS 0x00000000c4000000, 0x00000000c4000000| Untracked 
|  41|0x00000000c4100000, 0x00000000c4100000, 0x00000000c4200000|  0%| F|  |TAMS 0x00000000c4100000, 0x00000000c4100000| Untracked 
|  42|0x00000000c4200000, 0x00000000c4200000, 0x00000000c4300000|  0%| F|  |TAMS 0x00000000c4200000, 0x00000000c4200000| Untracked 
|  43|0x00000000c4300000, 0x00000000c4300000, 0x00000000c4400000|  0%| F|  |TAMS 0x00000000c4300000, 0x00000000c4300000| Untracked 
|  44|0x00000000c4400000, 0x00000000c4400000, 0x00000000c4500000|  0%| F|  |TAMS 0x00000000c4400000, 0x00000000c4400000| Untracked 
|  45|0x00000000c4500000, 0x00000000c4500000, 0x00000000c4600000|  0%| F|  |TAMS 0x00000000c4500000, 0x00000000c4500000| Untracked 
|  46|0x00000000c4600000, 0x00000000c4600000, 0x00000000c4700000|  0%| F|  |TAMS 0x00000000c4600000, 0x00000000c4600000| Untracked 
|  47|0x00000000c4700000, 0x00000000c4700000, 0x00000000c4800000|  0%| F|  |TAMS 0x00000000c4700000, 0x00000000c4700000| Untracked 
|  48|0x00000000c4800000, 0x00000000c4800000, 0x00000000c4900000|  0%| F|  |TAMS 0x00000000c4800000, 0x00000000c4800000| Untracked 
|  49|0x00000000c4900000, 0x00000000c4900000, 0x00000000c4a00000|  0%| F|  |TAMS 0x00000000c4900000, 0x00000000c4900000| Untracked 
|  50|0x00000000c4a00000, 0x00000000c4a00000, 0x00000000c4b00000|  0%| F|  |TAMS 0x00000000c4a00000, 0x00000000c4a00000| Untracked 
|  51|0x00000000c4b00000, 0x00000000c4b00000, 0x00000000c4c00000|  0%| F|  |TAMS 0x00000000c4b00000, 0x00000000c4b00000| Untracked 
|  52|0x00000000c4c00000, 0x00000000c4c00000, 0x00000000c4d00000|  0%| F|  |TAMS 0x00000000c4c00000, 0x00000000c4c00000| Untracked 
|  53|0x00000000c4d00000, 0x00000000c4d00000, 0x00000000c4e00000|  0%| F|  |TAMS 0x00000000c4d00000, 0x00000000c4d00000| Untracked 
|  54|0x00000000c4e00000, 0x00000000c4e00000, 0x00000000c4f00000|  0%| F|  |TAMS 0x00000000c4e00000, 0x00000000c4e00000| Untracked 
|  55|0x00000000c4f00000, 0x00000000c4f00000, 0x00000000c5000000|  0%| F|  |TAMS 0x00000000c4f00000, 0x00000000c4f00000| Untracked 
|  56|0x00000000c5000000, 0x00000000c5000000, 0x00000000c5100000|  0%| F|  |TAMS 0x00000000c5000000, 0x00000000c5000000| Untracked 
|  57|0x00000000c5100000, 0x00000000c5100000, 0x00000000c5200000|  0%| F|  |TAMS 0x00000000c5100000, 0x00000000c5100000| Untracked 
|  58|0x00000000c5200000, 0x00000000c5200000, 0x00000000c5300000|  0%| F|  |TAMS 0x00000000c5200000, 0x00000000c5200000| Untracked 
|  59|0x00000000c5300000, 0x00000000c5300000, 0x00000000c5400000|  0%| F|  |TAMS 0x00000000c5300000, 0x00000000c5300000| Untracked 
|  60|0x00000000c5400000, 0x00000000c5400000, 0x00000000c5500000|  0%| F|  |TAMS 0x00000000c5400000, 0x00000000c5400000| Untracked 
|  61|0x00000000c5500000, 0x00000000c5500000, 0x00000000c5600000|  0%| F|  |TAMS 0x00000000c5500000, 0x00000000c5500000| Untracked 
|  62|0x00000000c5600000, 0x00000000c5600000, 0x00000000c5700000|  0%| F|  |TAMS 0x00000000c5600000, 0x00000000c5600000| Untracked 
|  63|0x00000000c5700000, 0x00000000c5742900, 0x00000000c5800000| 26%| E|  |TAMS 0x00000000c5700000, 0x00000000c5700000| Complete 

Card table byte_map: [0x0000021078830000,0x0000021078a30000] _byte_map_base: 0x0000021078224000

Marking Bits (Prev, Next): (CMBitMap*) 0x0000021074c43c60, (CMBitMap*) 0x0000021074c43ca0
 Prev Bits: [0x0000021078c30000, 0x0000021079bd0000)
 Next Bits: [0x0000021079bd0000, 0x000002107ab70000)

Polling page: 0x0000021072db0000

Metaspace:

Usage:
  Non-class:      4.00 MB capacity,     2.18 MB ( 54%) used,     1.82 MB ( 46%) free+waste,    64 bytes ( <1%) overhead. 
      Class:    384.00 KB capacity,   190.04 KB ( 49%) used,   193.90 KB ( 50%) free+waste,    64 bytes ( <1%) overhead. 
       Both:      4.38 MB capacity,     2.36 MB ( 54%) used,     2.01 MB ( 46%) free+waste,   128 bytes ( <1%) overhead. 

Virtual space:
  Non-class space:        8.00 MB reserved,       4.00 MB ( 50%) committed 
      Class space:        1.00 GB reserved,     384.00 KB ( <1%) committed 
             Both:        1.01 GB reserved,       4.38 MB ( <1%) committed 

Chunk freelists:
   Non-Class:  0 bytes
       Class:  0 bytes
        Both:  0 bytes

MaxMetaspaceSize: 17179869184.00 GB
CompressedClassSpaceSize: 1.00 GB

CodeHeap 'non-profiled nmethods': size=120000Kb used=0Kb max_used=0Kb free=120000Kb
 bounds [0x0000021007ad0000, 0x0000021007d40000, 0x000002100f000000]
CodeHeap 'profiled nmethods': size=120000Kb used=0Kb max_used=0Kb free=120000Kb
 bounds [0x00000210005a0000, 0x0000021000810000, 0x0000021007ad0000]
CodeHeap 'non-nmethods': size=5760Kb used=413Kb max_used=413Kb free=5347Kb
 bounds [0x0000021000000000, 0x0000021000270000, 0x00000210005a0000]
 total_blobs=179 nmethods=0 adapters=152
 compilation: enabled
              stopped_count=0, restarted_count=0
 full_count=0

Compilation events (0 events):
No events

GC Heap History (0 events):
No events

Deoptimization events (0 events):
No events

Classes unloaded (0 events):
No events

Classes redefined (0 events):
No events

Internal exceptions (0 events):
No events

Events (20 events):
Event: 0.101 loading class java/lang/Terminator done
Event: 0.101 loading class java/lang/Terminator$1
Event: 0.101 loading class jdk/internal/misc/Signal$Handler
Event: 0.101 loading class jdk/internal/misc/Signal$Handler done
Event: 0.101 loading class java/lang/Terminator$1 done
Event: 0.101 loading class jdk/internal/misc/Signal
Event: 0.101 loading class jdk/internal/misc/Signal done
Event: 0.101 loading class java/util/Hashtable$Entry
Event: 0.101 loading class java/util/Hashtable$Entry done
Event: 0.101 loading class jdk/internal/misc/Signal$NativeHandler
Event: 0.102 loading class jdk/internal/misc/Signal$NativeHandler done
Event: 0.102 loading class jdk/internal/misc/OSEnvironment
Event: 0.102 loading class jdk/internal/misc/OSEnvironment done
Event: 0.102 loading class sun/io/Win32ErrorMode
Event: 0.102 loading class sun/io/Win32ErrorMode done
Event: 0.102 loading class java/lang/System$2
Event: 0.102 loading class jdk/internal/access/JavaLangAccess
Event: 0.102 loading class jdk/internal/access/JavaLangAccess done
Event: 0.102 loading class java/lang/System$2 done
Event: 0.102 loading class java/util/Collections


Dynamic libraries:
0x00007ff62bf80000 - 0x00007ff62bf8d000 	C:\Users\Home\.p2\pool\plugins\org.eclipse.justj.openjdk.hotspot.jre.full.win32.x86_64_15.0.1.v20201027-0507\jre\bin\javaw.exe
0x00007ffe83690000 - 0x00007ffe83886000 	C:\WINDOWS\SYSTEM32\ntdll.dll
0x00007ffe650a0000 - 0x00007ffe650b2000 	C:\Program Files\AVAST Software\Avast\aswhook.dll
0x00007ffe81b10000 - 0x00007ffe81bcd000 	C:\WINDOWS\System32\KERNEL32.DLL
0x00007ffe80dd0000 - 0x00007ffe81099000 	C:\WINDOWS\System32\KERNELBASE.dll
0x00007ffe813a0000 - 0x00007ffe814a0000 	C:\WINDOWS\System32\ucrtbase.dll
0x00007ffe7a390000 - 0x00007ffe7a3a8000 	C:\Users\Home\.p2\pool\plugins\org.eclipse.justj.openjdk.hotspot.jre.full.win32.x86_64_15.0.1.v20201027-0507\jre\bin\jli.dll
0x00007ffe83320000 - 0x00007ffe834c0000 	C:\WINDOWS\System32\USER32.dll
0x00007ffe81610000 - 0x00007ffe81632000 	C:\WINDOWS\System32\win32u.dll
0x00007ffe82fa0000 - 0x00007ffe82fca000 	C:\WINDOWS\System32\GDI32.dll
0x00007ffe81260000 - 0x00007ffe8136b000 	C:\WINDOWS\System32\gdi32full.dll
0x00007ffe814a0000 - 0x00007ffe8153d000 	C:\WINDOWS\System32\msvcp_win.dll
0x00007ffe71310000 - 0x00007ffe71329000 	C:\Users\Home\.p2\pool\plugins\org.eclipse.justj.openjdk.hotspot.jre.full.win32.x86_64_15.0.1.v20201027-0507\jre\bin\VCRUNTIME140.dll
0x00007ffe799d0000 - 0x00007ffe79c6b000 	C:\WINDOWS\WinSxS\amd64_microsoft.windows.common-controls_6595b64144ccf1df_6.0.19041.746_none_ca02b4b61b8320a4\COMCTL32.dll
0x00007ffe81a70000 - 0x00007ffe81b0e000 	C:\WINDOWS\System32\msvcrt.dll
0x00007ffe82e30000 - 0x00007ffe82e60000 	C:\WINDOWS\System32\IMM32.DLL
0x00007ffe7a420000 - 0x00007ffe7a42c000 	C:\Users\Home\.p2\pool\plugins\org.eclipse.justj.openjdk.hotspot.jre.full.win32.x86_64_15.0.1.v20201027-0507\jre\bin\vcruntime140_1.dll
0x00007ffe69590000 - 0x00007ffe69621000 	C:\Users\Home\.p2\pool\plugins\org.eclipse.justj.openjdk.hotspot.jre.full.win32.x86_64_15.0.1.v20201027-0507\jre\bin\msvcp140.dll
0x00007ffe55410000 - 0x00007ffe55f6e000 	C:\Users\Home\.p2\pool\plugins\org.eclipse.justj.openjdk.hotspot.jre.full.win32.x86_64_15.0.1.v20201027-0507\jre\bin\server\jvm.dll
0x00007ffe822c0000 - 0x00007ffe8236c000 	C:\WINDOWS\System32\ADVAPI32.dll
0x00007ffe83040000 - 0x00007ffe830dc000 	C:\WINDOWS\System32\sechost.dll
0x00007ffe82e70000 - 0x00007ffe82f9b000 	C:\WINDOWS\System32\RPCRT4.dll
0x00007ffe826d0000 - 0x00007ffe826d8000 	C:\WINDOWS\System32\PSAPI.DLL
0x00007ffe788c0000 - 0x00007ffe788c9000 	C:\WINDOWS\SYSTEM32\WSOCK32.dll
0x00007ffe82fd0000 - 0x00007ffe8303b000 	C:\WINDOWS\System32\WS2_32.dll
0x00007ffe6e770000 - 0x00007ffe6e797000 	C:\WINDOWS\SYSTEM32\WINMM.dll
0x00007ffe7c950000 - 0x00007ffe7c95a000 	C:\WINDOWS\SYSTEM32\VERSION.dll
0x00007ffe7ed40000 - 0x00007ffe7ed52000 	C:\WINDOWS\SYSTEM32\kernel.appcore.dll
0x00007ffe7dd40000 - 0x00007ffe7dd4a000 	C:\Users\Home\.p2\pool\plugins\org.eclipse.justj.openjdk.hotspot.jre.full.win32.x86_64_15.0.1.v20201027-0507\jre\bin\jimage.dll
0x00007ffe7acf0000 - 0x00007ffe7aed4000 	C:\WINDOWS\SYSTEM32\DBGHELP.DLL
0x00007ffe7acc0000 - 0x00007ffe7acec000 	C:\WINDOWS\SYSTEM32\dbgcore.DLL
0x00007ffe81540000 - 0x00007ffe815c0000 	C:\WINDOWS\System32\bcryptPrimitives.dll
0x00007ffe7a540000 - 0x00007ffe7a565000 	C:\Users\Home\.p2\pool\plugins\org.eclipse.justj.openjdk.hotspot.jre.full.win32.x86_64_15.0.1.v20201027-0507\jre\bin\java.dll
0x00007ffe7b710000 - 0x00007ffe7b728000 	C:\Users\Home\.p2\pool\plugins\org.eclipse.justj.openjdk.hotspot.jre.full.win32.x86_64_15.0.1.v20201027-0507\jre\bin\zip.dll
0x00007ffe826e0000 - 0x00007ffe82e22000 	C:\WINDOWS\System32\SHELL32.dll
0x00007ffe7ef40000 - 0x00007ffe7f6d0000 	C:\WINDOWS\SYSTEM32\windows.storage.dll
0x00007ffe816f0000 - 0x00007ffe81a46000 	C:\WINDOWS\System32\combase.dll
0x00007ffe80760000 - 0x00007ffe8078c000 	C:\WINDOWS\SYSTEM32\Wldp.dll
0x00007ffe831a0000 - 0x00007ffe8324e000 	C:\WINDOWS\System32\SHCORE.dll
0x00007ffe830e0000 - 0x00007ffe83135000 	C:\WINDOWS\System32\shlwapi.dll
0x00007ffe80d00000 - 0x00007ffe80d26000 	C:\WINDOWS\SYSTEM32\profapi.dll

dbghelp: loaded successfully - version: 4.0.5 - missing functions: none
symbol engine: initialized successfully - sym options: 0x614 - pdb path: .;C:\Users\Home\.p2\pool\plugins\org.eclipse.justj.openjdk.hotspot.jre.full.win32.x86_64_15.0.1.v20201027-0507\jre\bin;C:\WINDOWS\SYSTEM32;C:\Program Files\AVAST Software\Avast;C:\WINDOWS\WinSxS\amd64_microsoft.windows.common-controls_6595b64144ccf1df_6.0.19041.746_none_ca02b4b61b8320a4;C:\Users\Home\.p2\pool\plugins\org.eclipse.justj.openjdk.hotspot.jre.full.win32.x86_64_15.0.1.v20201027-0507\jre\bin\server

VM Arguments:
jvm_args: -Dfile.encoding=Cp1252 -XX:+ShowCodeDetailsInExceptionMessages 
java_command: library.management.com.Issue_Book
java_class_path (initial): C:\Users\Home\eclipse-workspace\Library Management System\bin;C:\Users\Home\Desktop\mysql-connector-java-8.0.23\mysql-connector-java-8.0.23\mysql-connector-java-8.0.23.jar;C:\Users\Home\eclipse-workspace\Library Management System\src\library\management\com\Jar\jcalendar-tz-1.3.3-4.jar;C:\Users\Home\eclipse-workspace\Library Management System\src\library\management\com\Jar\rs2xml.jar
Launcher Type: SUN_STANDARD

[Global flags]
     intx CICompilerCount                          = 3                                         {product} {ergonomic}
     uint ConcGCThreads                            = 1                                         {product} {ergonomic}
     uint G1ConcRefinementThreads                  = 4                                         {product} {ergonomic}
   size_t G1HeapRegionSize                         = 1048576                                   {product} {ergonomic}
    uintx GCDrainStackTargetSize                   = 64                                        {product} {ergonomic}
   size_t InitialHeapSize                          = 67108864                                  {product} {ergonomic}
   size_t MarkStackSize                            = 4194304                                   {product} {ergonomic}
   size_t MaxHeapSize                              = 1048576000                                {product} {ergonomic}
   size_t MaxNewSize                               = 629145600                                 {product} {ergonomic}
   size_t MinHeapDeltaBytes                        = 1048576                                   {product} {ergonomic}
   size_t MinHeapSize                              = 8388608                                   {product} {ergonomic}
    uintx NonNMethodCodeHeapSize                   = 5832780                                {pd product} {ergonomic}
    uintx NonProfiledCodeHeapSize                  = 122912730                              {pd product} {ergonomic}
    uintx ProfiledCodeHeapSize                     = 122912730                              {pd product} {ergonomic}
    uintx ReservedCodeCacheSize                    = 251658240                              {pd product} {ergonomic}
     bool SegmentedCodeCache                       = true                                      {product} {ergonomic}
     bool ShowCodeDetailsInExceptionMessages       = true                                   {manageable} {command line}
   size_t SoftMaxHeapSize                          = 1048576000                             {manageable} {ergonomic}
     bool UseCompressedClassPointers               = true                                 {lp64_product} {ergonomic}
     bool UseCompressedOops                        = true                                 {lp64_product} {ergonomic}
     bool UseG1GC                                  = true                                      {product} {ergonomic}
     bool UseLargePagesIndividualAllocation        = false                                  {pd product} {ergonomic}

Logging:
Log output configuration:
 #0: stdout all=warning uptime,level,tags
 #1: stderr all=off uptime,level,tags

Environment Variables:
PATH=C:/Users/Home/.p2/pool/plugins/org.eclipse.justj.openjdk.hotspot.jre.full.win32.x86_64_15.0.1.v20201027-0507/jre/bin/server;C:/Users/Home/.p2/pool/plugins/org.eclipse.justj.openjdk.hotspot.jre.full.win32.x86_64_15.0.1.v20201027-0507/jre/bin;C:\Program Files (x86)\Common Files\Oracle\Java\javapath;C:\Program Files\Common Files\Oracle\Java\javapath;C:\WINDOWS\system32;C:\WINDOWS;C:\WINDOWS\System32\Wbem;C:\WINDOWS\System32\WindowsPowerShell\v1.0\;C:\WINDOWS\System32\OpenSSH\;C:\Program Files\Java\jdk-15.0.1\bin;C:\Program Files\Java\jre1.8.0_271\bin;C:\Users\Home\AppData\Local\Microsoft\WindowsApps;;C:\Users\Home\Desktop;
USERNAME=Home
OS=Windows_NT
PROCESSOR_IDENTIFIER=Intel64 Family 6 Model 58 Stepping 9, GenuineIntel



---------------  S Y S T E M  ---------------

OS:
 Windows 10 , 64 bit Build 19041 (10.0.19041.804)
OS uptime: 0 days 9:13 hours

CPU: total 4 (initial active 4) (2 cores per cpu, 2 threads per core) family 6 model 58 stepping 9 microcode 0x21, cmov, cx8, fxsr, mmx, sse, sse2, sse3, ssse3, sse4.1, sse4.2, popcnt, vzeroupper, avx, clmul, erms, ht, tsc, tscinvbit, tscinv, clflush

Memory: 4k page, system-wide physical 3996M (281M free)
TotalPageFile size 16284M (AvailPageFile size 1M)
current process WorkingSet (physical memory assigned to process): 21M, peak: 21M
current process commit charge ("private bytes"): 125M, peak: 125M

vm_info: OpenJDK 64-Bit Server VM (15.0.1+9-18) for windows-amd64 JRE (15.0.1+9-18), built on Sep 15 2020 14:39:31 by "mach5one" with unknown MS VC++:1925

END.
