#
# There is insufficient memory for the Java Runtime Environment to continue.
# Native memory allocation (malloc) failed to allocate 443536 bytes for Chunk::new
# Possible reasons:
#   The system is out of physical RAM or swap space
#   The process is running with CompressedOops enabled, and the Java Heap may be blocking the growth of the native heap
# Possible solutions:
#   Reduce memory load on the system
#   Increase physical memory or swap space
#   Check if swap backing store is full
#   Decrease Java heap size (-Xmx/-Xms)
#   Decrease number of Java threads
#   Decrease Java thread stack sizes (-Xss)
#   Set larger code cache with -XX:ReservedCodeCacheSize=
#   JVM is running with Unscaled Compressed Oops mode in which the Java heap is
#     placed in the first 4GB address space. The Java Heap base address is the
#     maximum limit for the native heap growth. Please use -XX:HeapBaseMinAddress
#     to set the Java Heap base and to place the Java Heap above 4GB virtual address.
# This output file may be truncated or incomplete.
#
#  Out of Memory Error (./open/src/hotspot/share/memory/arena.cpp:195), pid=16472, tid=17680
#
# JRE version: OpenJDK Runtime Environment (15.0.1+9) (build 15.0.1+9-18)
# Java VM: OpenJDK 64-Bit Server VM (15.0.1+9-18, mixed mode, tiered, compressed oops, g1 gc, windows-amd64)
# No core dump will be written. Minidumps are not enabled by default on client versions of Windows
#

---------------  S U M M A R Y ------------

Command Line: -Dfile.encoding=Cp1252 -XX:+ShowCodeDetailsInExceptionMessages library.management.com.Home

Host: Intel(R) Core(TM) i3-3210 CPU @ 3.20GHz, 4 cores, 3G,  Windows 10 , 64 bit Build 19041 (10.0.19041.804)
Time: Mon Feb 22 15:16:47 2021 India Standard Time elapsed time: 0.969363 seconds (0d 0h 0m 0s)

---------------  T H R E A D  ---------------

Current thread (0x0000020876416910):  JavaThread "C2 CompilerThread0" daemon [_thread_in_native, id=17680, stack(0x000000dcf6d00000,0x000000dcf6e00000)]


Current CompileTask:
C2:    970  729   !   4       sun.awt.image.PNGImageDecoder::produceImage (1917 bytes)

Stack: [0x000000dcf6d00000,0x000000dcf6e00000]
Native frames: (J=compiled Java code, j=interpreted, Vv=VM code, C=native code)
V  [jvm.dll+0x62ae9a]
V  [jvm.dll+0x781389]
V  [jvm.dll+0x782ae3]
V  [jvm.dll+0x783143]
V  [jvm.dll+0x216265]
V  [jvm.dll+0x97efa]
V  [jvm.dll+0x985dc]
V  [jvm.dll+0x27a1bf]
V  [jvm.dll+0x5408d4]
V  [jvm.dll+0x1f2c14]
V  [jvm.dll+0x1ebf33]
V  [jvm.dll+0x1e97a7]
V  [jvm.dll+0x1784c7]
V  [jvm.dll+0x1f9165]
V  [jvm.dll+0x1f720c]
V  [jvm.dll+0x74485d]
V  [jvm.dll+0x73d65a]
V  [jvm.dll+0x629c56]
C  [ucrtbase.dll+0x21bb2]
C  [KERNEL32.DLL+0x17034]
C  [ntdll.dll+0x4d241]


---------------  P R O C E S S  ---------------

Threads class SMR info:
_java_thread_list=0x0000020876be3150, length=17, elements={
0x000002086d799090, 0x00000208763da020, 0x00000208763e4ad0, 0x00000208764040b0,
0x0000020876406a80, 0x000002087640f610, 0x0000020876416910, 0x000002087641a4d0,
0x00000208765867d0, 0x000002087669d760, 0x00000208766b2c30, 0x0000020876b27440,
0x0000020876b2de50, 0x0000020876b29b40, 0x0000020876be2c30, 0x0000020876d75ec0,
0x0000020876ecb370
}

Java Threads: ( => current thread )
  0x000002086d799090 JavaThread "main" [_thread_in_vm, id=16848, stack(0x000000dcf6100000,0x000000dcf6200000)]
  0x00000208763da020 JavaThread "Reference Handler" daemon [_thread_blocked, id=6840, stack(0x000000dcf6800000,0x000000dcf6900000)]
  0x00000208763e4ad0 JavaThread "Finalizer" daemon [_thread_blocked, id=17400, stack(0x000000dcf6900000,0x000000dcf6a00000)]
  0x00000208764040b0 JavaThread "Signal Dispatcher" daemon [_thread_blocked, id=17800, stack(0x000000dcf6a00000,0x000000dcf6b00000)]
  0x0000020876406a80 JavaThread "Attach Listener" daemon [_thread_blocked, id=18020, stack(0x000000dcf6b00000,0x000000dcf6c00000)]
  0x000002087640f610 JavaThread "Service Thread" daemon [_thread_blocked, id=16988, stack(0x000000dcf6c00000,0x000000dcf6d00000)]
=>0x0000020876416910 JavaThread "C2 CompilerThread0" daemon [_thread_in_native, id=17680, stack(0x000000dcf6d00000,0x000000dcf6e00000)]
  0x000002087641a4d0 JavaThread "C1 CompilerThread0" daemon [_thread_blocked, id=17008, stack(0x000000dcf6e00000,0x000000dcf6f00000)]
  0x00000208765867d0 JavaThread "Sweeper thread" daemon [_thread_blocked, id=17672, stack(0x000000dcf6f00000,0x000000dcf7000000)]
  0x000002087669d760 JavaThread "Notification Thread" daemon [_thread_blocked, id=17780, stack(0x000000dcf7000000,0x000000dcf7100000)]
  0x00000208766b2c30 JavaThread "Common-Cleaner" daemon [_thread_blocked, id=16716, stack(0x000000dcf7200000,0x000000dcf7300000)]
  0x0000020876b27440 JavaThread "Java2D Disposer" daemon [_thread_blocked, id=17240, stack(0x000000dcf7300000,0x000000dcf7400000)]
  0x0000020876b2de50 JavaThread "AWT-Shutdown" [_thread_blocked, id=18032, stack(0x000000dcf7400000,0x000000dcf7500000)]
  0x0000020876b29b40 JavaThread "AWT-Windows" daemon [_thread_in_native, id=16892, stack(0x000000dcf7500000,0x000000dcf7600000)]
  0x0000020876be2c30 JavaThread "Image Fetcher 0" daemon [_thread_blocked, id=15812, stack(0x000000dcf7600000,0x000000dcf7700000)]
  0x0000020876d75ec0 JavaThread "Image Fetcher 1" daemon [_thread_blocked, id=16768, stack(0x000000dcf7700000,0x000000dcf7800000)]
  0x0000020876ecb370 JavaThread "AWT-EventQueue-0" [_thread_blocked, id=17748, stack(0x000000dcf7800000,0x000000dcf7900000)]

Other Threads:
  0x00000208763a2ac0 VMThread "VM Thread" [stack: 0x000000dcf6700000,0x000000dcf6800000] [id=16536] _threads_hazard_ptr=0x0000020876be3150
  0x000002087669e860 WatcherThread [stack: 0x000000dcf7100000,0x000000dcf7200000] [id=16852]
  0x000002086d7c3470 GCTaskThread "GC Thread#0" [stack: 0x000000dcf6200000,0x000000dcf6300000] [id=18000]
  0x000002086d7cccb0 ConcurrentGCThread "G1 Main Marker" [stack: 0x000000dcf6300000,0x000000dcf6400000] [id=17016]
  0x000002086d7cd920 ConcurrentGCThread "G1 Conc#0" [stack: 0x000000dcf6400000,0x000000dcf6500000] [id=16976]
  0x000002086d81dc20 ConcurrentGCThread "G1 Refine#0" [stack: 0x000000dcf6500000,0x000000dcf6600000] [id=15464]
  0x000002086d81f830 ConcurrentGCThread "G1 Young RemSet Sampling" [stack: 0x000000dcf6600000,0x000000dcf6700000] [id=15328]

Threads with active compile tasks:
C2 CompilerThread0     1235  729   !   4       sun.awt.image.PNGImageDecoder::produceImage (1917 bytes)

VM state: synchronizing (normal execution)

VM Mutex/Monitor currently owned by a thread:  ([mutex/lock_event])
[0x000002086d7942e0] Threads_lock - owner thread: 0x00000208763a2ac0

Heap address: 0x00000000c1800000, size: 1000 MB, Compressed Oops mode: 32-bit
CDS disabled.
Compressed class space mapped at: 0x0000000100000000-0x0000000140000000, size: 1073741824
Narrow klass base: 0x0000000000000000, Narrow klass shift: 3, Narrow klass range: 0x140000000

GC Precious Log:
 CPUs: 4 total, 4 available
 Memory: 3996M
 Large Page Support: Disabled
 NUMA Support: Disabled
 Compressed Oops: Enabled (32-bit)
 Heap Region Size: 1M
 Heap Min Capacity: 8M
 Heap Initial Capacity: 64M
 Heap Max Capacity: 1000M
 Pre-touch: Disabled
 Parallel Workers: 4
 Concurrent Workers: 1
 Concurrent Refinement Workers: 4
 Periodic GC: Disabled

Heap:
 garbage-first heap   total 65536K, used 16384K [0x00000000c1800000, 0x0000000100000000)
  region size 1024K, 11 young (11264K), 0 survivors (0K)
 Metaspace       used 13263K, capacity 13381K, committed 13696K, reserved 1060864K
  class space    used 1265K, capacity 1340K, committed 1408K, reserved 1048576K

Heap Regions: E=young(eden), S=young(survivor), O=old, HS=humongous(starts), HC=humongous(continues), CS=collection set, F=free, OA=open archive, CA=closed archive, TAMS=top-at-mark-start (previous, next)
|   0|0x00000000c1800000, 0x00000000c1900000, 0x00000000c1900000|100%|HS|  |TAMS 0x00000000c1800000, 0x00000000c1800000| Complete 
|   1|0x00000000c1900000, 0x00000000c1a00000, 0x00000000c1a00000|100%|HC|  |TAMS 0x00000000c1900000, 0x00000000c1900000| Complete 
|   2|0x00000000c1a00000, 0x00000000c1b00000, 0x00000000c1b00000|100%|HS|  |TAMS 0x00000000c1a00000, 0x00000000c1a00000| Complete 
|   3|0x00000000c1b00000, 0x00000000c1c00000, 0x00000000c1c00000|100%|HC|  |TAMS 0x00000000c1b00000, 0x00000000c1b00000| Complete 
|   4|0x00000000c1c00000, 0x00000000c1d00000, 0x00000000c1d00000|100%|HS|  |TAMS 0x00000000c1c00000, 0x00000000c1c00000| Complete 
|   5|0x00000000c1d00000, 0x00000000c1e00000, 0x00000000c1e00000|100%|HC|  |TAMS 0x00000000c1d00000, 0x00000000c1d00000| Complete 
|   6|0x00000000c1e00000, 0x00000000c1e00000, 0x00000000c1f00000|  0%| F|  |TAMS 0x00000000c1e00000, 0x00000000c1e00000| Untracked 
|   7|0x00000000c1f00000, 0x00000000c1f00000, 0x00000000c2000000|  0%| F|  |TAMS 0x00000000c1f00000, 0x00000000c1f00000| Untracked 
|   8|0x00000000c2000000, 0x00000000c2000000, 0x00000000c2100000|  0%| F|  |TAMS 0x00000000c2000000, 0x00000000c2000000| Untracked 
|   9|0x00000000c2100000, 0x00000000c2100000, 0x00000000c2200000|  0%| F|  |TAMS 0x00000000c2100000, 0x00000000c2100000| Untracked 
|  10|0x00000000c2200000, 0x00000000c2200000, 0x00000000c2300000|  0%| F|  |TAMS 0x00000000c2200000, 0x00000000c2200000| Untracked 
|  11|0x00000000c2300000, 0x00000000c2300000, 0x00000000c2400000|  0%| F|  |TAMS 0x00000000c2300000, 0x00000000c2300000| Untracked 
|  12|0x00000000c2400000, 0x00000000c2400000, 0x00000000c2500000|  0%| F|  |TAMS 0x00000000c2400000, 0x00000000c2400000| Untracked 
|  13|0x00000000c2500000, 0x00000000c2500000, 0x00000000c2600000|  0%| F|  |TAMS 0x00000000c2500000, 0x00000000c2500000| Untracked 
|  14|0x00000000c2600000, 0x00000000c2600000, 0x00000000c2700000|  0%| F|  |TAMS 0x00000000c2600000, 0x00000000c2600000| Untracked 
|  15|0x00000000c2700000, 0x00000000c2700000, 0x00000000c2800000|  0%| F|  |TAMS 0x00000000c2700000, 0x00000000c2700000| Untracked 
|  16|0x00000000c2800000, 0x00000000c2800000, 0x00000000c2900000|  0%| F|  |TAMS 0x00000000c2800000, 0x00000000c2800000| Untracked 
|  17|0x00000000c2900000, 0x00000000c2900000, 0x00000000c2a00000|  0%| F|  |TAMS 0x00000000c2900000, 0x00000000c2900000| Untracked 
|  18|0x00000000c2a00000, 0x00000000c2a00000, 0x00000000c2b00000|  0%| F|  |TAMS 0x00000000c2a00000, 0x00000000c2a00000| Untracked 
|  19|0x00000000c2b00000, 0x00000000c2b00000, 0x00000000c2c00000|  0%| F|  |TAMS 0x00000000c2b00000, 0x00000000c2b00000| Untracked 
|  20|0x00000000c2c00000, 0x00000000c2c00000, 0x00000000c2d00000|  0%| F|  |TAMS 0x00000000c2c00000, 0x00000000c2c00000| Untracked 
|  21|0x00000000c2d00000, 0x00000000c2d00000, 0x00000000c2e00000|  0%| F|  |TAMS 0x00000000c2d00000, 0x00000000c2d00000| Untracked 
|  22|0x00000000c2e00000, 0x00000000c2e00000, 0x00000000c2f00000|  0%| F|  |TAMS 0x00000000c2e00000, 0x00000000c2e00000| Untracked 
|  23|0x00000000c2f00000, 0x00000000c2f00000, 0x00000000c3000000|  0%| F|  |TAMS 0x00000000c2f00000, 0x00000000c2f00000| Untracked 
|  24|0x00000000c3000000, 0x00000000c3000000, 0x00000000c3100000|  0%| F|  |TAMS 0x00000000c3000000, 0x00000000c3000000| Untracked 
|  25|0x00000000c3100000, 0x00000000c3100000, 0x00000000c3200000|  0%| F|  |TAMS 0x00000000c3100000, 0x00000000c3100000| Untracked 
|  26|0x00000000c3200000, 0x00000000c3200000, 0x00000000c3300000|  0%| F|  |TAMS 0x00000000c3200000, 0x00000000c3200000| Untracked 
|  27|0x00000000c3300000, 0x00000000c3300000, 0x00000000c3400000|  0%| F|  |TAMS 0x00000000c3300000, 0x00000000c3300000| Untracked 
|  28|0x00000000c3400000, 0x00000000c3400000, 0x00000000c3500000|  0%| F|  |TAMS 0x00000000c3400000, 0x00000000c3400000| Untracked 
|  29|0x00000000c3500000, 0x00000000c3500000, 0x00000000c3600000|  0%| F|  |TAMS 0x00000000c3500000, 0x00000000c3500000| Untracked 
|  30|0x00000000c3600000, 0x00000000c3600000, 0x00000000c3700000|  0%| F|  |TAMS 0x00000000c3600000, 0x00000000c3600000| Untracked 
|  31|0x00000000c3700000, 0x00000000c3700000, 0x00000000c3800000|  0%| F|  |TAMS 0x00000000c3700000, 0x00000000c3700000| Untracked 
|  32|0x00000000c3800000, 0x00000000c3800000, 0x00000000c3900000|  0%| F|  |TAMS 0x00000000c3800000, 0x00000000c3800000| Untracked 
|  33|0x00000000c3900000, 0x00000000c3900000, 0x00000000c3a00000|  0%| F|  |TAMS 0x00000000c3900000, 0x00000000c3900000| Untracked 
|  34|0x00000000c3a00000, 0x00000000c3a00000, 0x00000000c3b00000|  0%| F|  |TAMS 0x00000000c3a00000, 0x00000000c3a00000| Untracked 
|  35|0x00000000c3b00000, 0x00000000c3b00000, 0x00000000c3c00000|  0%| F|  |TAMS 0x00000000c3b00000, 0x00000000c3b00000| Untracked 
|  36|0x00000000c3c00000, 0x00000000c3c00000, 0x00000000c3d00000|  0%| F|  |TAMS 0x00000000c3c00000, 0x00000000c3c00000| Untracked 
|  37|0x00000000c3d00000, 0x00000000c3d00000, 0x00000000c3e00000|  0%| F|  |TAMS 0x00000000c3d00000, 0x00000000c3d00000| Untracked 
|  38|0x00000000c3e00000, 0x00000000c3e00000, 0x00000000c3f00000|  0%| F|  |TAMS 0x00000000c3e00000, 0x00000000c3e00000| Untracked 
|  39|0x00000000c3f00000, 0x00000000c3f00000, 0x00000000c4000000|  0%| F|  |TAMS 0x00000000c3f00000, 0x00000000c3f00000| Untracked 
|  40|0x00000000c4000000, 0x00000000c4000000, 0x00000000c4100000|  0%| F|  |TAMS 0x00000000c4000000, 0x00000000c4000000| Untracked 
|  41|0x00000000c4100000, 0x00000000c4100000, 0x00000000c4200000|  0%| F|  |TAMS 0x00000000c4100000, 0x00000000c4100000| Untracked 
|  42|0x00000000c4200000, 0x00000000c4200000, 0x00000000c4300000|  0%| F|  |TAMS 0x00000000c4200000, 0x00000000c4200000| Untracked 
|  43|0x00000000c4300000, 0x00000000c4300000, 0x00000000c4400000|  0%| F|  |TAMS 0x00000000c4300000, 0x00000000c4300000| Untracked 
|  44|0x00000000c4400000, 0x00000000c4400000, 0x00000000c4500000|  0%| F|  |TAMS 0x00000000c4400000, 0x00000000c4400000| Untracked 
|  45|0x00000000c4500000, 0x00000000c4500000, 0x00000000c4600000|  0%| F|  |TAMS 0x00000000c4500000, 0x00000000c4500000| Untracked 
|  46|0x00000000c4600000, 0x00000000c4600000, 0x00000000c4700000|  0%| F|  |TAMS 0x00000000c4600000, 0x00000000c4600000| Untracked 
|  47|0x00000000c4700000, 0x00000000c4700000, 0x00000000c4800000|  0%| F|  |TAMS 0x00000000c4700000, 0x00000000c4700000| Untracked 
|  48|0x00000000c4800000, 0x00000000c4800000, 0x00000000c4900000|  0%| F|  |TAMS 0x00000000c4800000, 0x00000000c4800000| Untracked 
|  49|0x00000000c4900000, 0x00000000c4900000, 0x00000000c4a00000|  0%| F|  |TAMS 0x00000000c4900000, 0x00000000c4900000| Untracked 
|  50|0x00000000c4a00000, 0x00000000c4a00000, 0x00000000c4b00000|  0%| F|  |TAMS 0x00000000c4a00000, 0x00000000c4a00000| Untracked 
|  51|0x00000000c4b00000, 0x00000000c4b00000, 0x00000000c4c00000|  0%| F|  |TAMS 0x00000000c4b00000, 0x00000000c4b00000| Untracked 
|  52|0x00000000c4c00000, 0x00000000c4c00000, 0x00000000c4d00000|  0%| F|  |TAMS 0x00000000c4c00000, 0x00000000c4c00000| Untracked 
|  53|0x00000000c4d00000, 0x00000000c4dc84e0, 0x00000000c4e00000| 78%| E|  |TAMS 0x00000000c4d00000, 0x00000000c4d00000| Complete 
|  54|0x00000000c4e00000, 0x00000000c4f00000, 0x00000000c4f00000|100%| E|CS|TAMS 0x00000000c4e00000, 0x00000000c4e00000| Complete 
|  55|0x00000000c4f00000, 0x00000000c5000000, 0x00000000c5000000|100%| E|CS|TAMS 0x00000000c4f00000, 0x00000000c4f00000| Complete 
|  56|0x00000000c5000000, 0x00000000c5100000, 0x00000000c5100000|100%| E|CS|TAMS 0x00000000c5000000, 0x00000000c5000000| Complete 
|  57|0x00000000c5100000, 0x00000000c5200000, 0x00000000c5200000|100%| E|CS|TAMS 0x00000000c5100000, 0x00000000c5100000| Complete 
|  58|0x00000000c5200000, 0x00000000c5300000, 0x00000000c5300000|100%| E|CS|TAMS 0x00000000c5200000, 0x00000000c5200000| Complete 
|  59|0x00000000c5300000, 0x00000000c5400000, 0x00000000c5400000|100%| E|CS|TAMS 0x00000000c5300000, 0x00000000c5300000| Complete 
|  60|0x00000000c5400000, 0x00000000c5500000, 0x00000000c5500000|100%| E|CS|TAMS 0x00000000c5400000, 0x00000000c5400000| Complete 
|  61|0x00000000c5500000, 0x00000000c5600000, 0x00000000c5600000|100%| E|CS|TAMS 0x00000000c5500000, 0x00000000c5500000| Complete 
|  62|0x00000000c5600000, 0x00000000c5700000, 0x00000000c5700000|100%| E|CS|TAMS 0x00000000c5600000, 0x00000000c5600000| Complete 
|  63|0x00000000c5700000, 0x00000000c5800000, 0x00000000c5800000|100%| E|CS|TAMS 0x00000000c5700000, 0x00000000c5700000| Complete 

Card table byte_map: [0x00000208713b0000,0x00000208715b0000] _byte_map_base: 0x0000020870da4000

Marking Bits (Prev, Next): (CMBitMap*) 0x000002086d7c3ce0, (CMBitMap*) 0x000002086d7c3d20
 Prev Bits: [0x00000208717b0000, 0x0000020872750000)
 Next Bits: [0x0000020872750000, 0x00000208736f0000)

Polling page: 0x000002086b580000

Metaspace:

Usage:
  Non-class:     11.76 MB capacity,    11.72 MB (>99%) used,    28.06 KB ( <1%) free+waste,    14.75 KB ( <1%) overhead. 
      Class:      1.31 MB capacity,     1.24 MB ( 94%) used,    69.69 KB (  5%) free+waste,     5.19 KB ( <1%) overhead. 
       Both:     13.07 MB capacity,    12.95 MB (>99%) used,    97.75 KB ( <1%) free+waste,    19.94 KB ( <1%) overhead. 

Virtual space:
  Non-class space:       12.00 MB reserved,      12.00 MB (100%) committed 
      Class space:        1.00 GB reserved,       1.38 MB ( <1%) committed 
             Both:        1.01 GB reserved,      13.38 MB (  1%) committed 

Chunk freelists:
   Non-Class:  55.00 KB
       Class:  4.00 KB
        Both:  59.00 KB

MaxMetaspaceSize: 17179869184.00 GB
CompressedClassSpaceSize: 1.00 GB

CodeHeap 'non-profiled nmethods': size=120000Kb used=231Kb max_used=231Kb free=119768Kb
 bounds [0x0000020807ad0000, 0x0000020807d40000, 0x000002080f000000]
CodeHeap 'profiled nmethods': size=120000Kb used=1299Kb max_used=1299Kb free=118701Kb
 bounds [0x00000208005a0000, 0x0000020800810000, 0x0000020807ad0000]
CodeHeap 'non-nmethods': size=5760Kb used=1230Kb max_used=1251Kb free=4529Kb
 bounds [0x0000020800000000, 0x0000020800270000, 0x00000208005a0000]
 total_blobs=1272 nmethods=765 adapters=420
 compilation: enabled
              stopped_count=0, restarted_count=0
 full_count=0

Compilation events (20 events):
Event: 0.796 Thread 0x000002087641a4d0  737       3       java.nio.DirectByteBuffer::<init> (55 bytes)
Event: 0.797 Thread 0x000002087641a4d0 nmethod 737 0x00000208006d1c10 code [0x00000208006d1de0, 0x00000208006d21a8]
Event: 0.797 Thread 0x000002087641a4d0  738   !   3       jdk.internal.jimage.BasicImageReader::slice (32 bytes)
Event: 0.797 Thread 0x000002087641a4d0 nmethod 738 0x00000208006d2310 code [0x00000208006d24e0, 0x00000208006d28e8]
Event: 0.797 Thread 0x000002087641a4d0  739       3       java.nio.MappedByteBuffer::limit (6 bytes)
Event: 0.797 Thread 0x000002087641a4d0 nmethod 739 0x00000208006d2a90 code [0x00000208006d2c40, 0x00000208006d2e48]
Event: 0.797 Thread 0x000002087641a4d0  740       3       java.nio.ByteBuffer::<init> (14 bytes)
Event: 0.797 Thread 0x000002087641a4d0 nmethod 740 0x00000208006d2f90 code [0x00000208006d3140, 0x00000208006d3288]
Event: 0.797 Thread 0x000002087641a4d0  741       3       java.util.Arrays::copyOf (10 bytes)
Event: 0.797 Thread 0x000002087641a4d0 nmethod 741 0x00000208006d3390 code [0x00000208006d3540, 0x00000208006d3668]
Event: 0.809 Thread 0x0000020876416910 nmethod 718 0x0000020807b08110 code [0x0000020807b082a0, 0x0000020807b08e18]
Event: 0.809 Thread 0x0000020876416910  711   !   4       java.nio.DirectByteBuffer::get (32 bytes)
Event: 0.810 Thread 0x0000020876416910 nmethod 711 0x0000020807b09190 code [0x0000020807b09300, 0x0000020807b093b8]
Event: 0.810 Thread 0x0000020876416910  729   !   4       sun.awt.image.PNGImageDecoder::produceImage (1917 bytes)
Event: 0.819 Thread 0x000002087641a4d0  742   !   3       sun.awt.image.ImageRepresentation::setPixels (1058 bytes)
Event: 0.824 Thread 0x000002087641a4d0 nmethod 742 0x00000208006d3710 code [0x00000208006d3c00, 0x00000208006d6ff8]
Event: 0.836 Thread 0x000002087641a4d0  745       3       jdk.internal.jimage.ImageStringsReader::charsFromByteBufferLength (47 bytes)
Event: 0.836 Thread 0x000002087641a4d0 nmethod 745 0x00000208006d8a90 code [0x00000208006d8c60, 0x00000208006d9098]
Event: 0.836 Thread 0x000002087641a4d0  746       3       jdk.internal.jimage.ImageStringsReader::charsFromByteBuffer (186 bytes)
Event: 0.837 Thread 0x000002087641a4d0 nmethod 746 0x00000208006d9210 code [0x00000208006d9540, 0x00000208006da5e8]

GC Heap History (0 events):
No events

Deoptimization events (20 events):
Event: 0.828 Thread 0x0000020876d75ec0 DEOPT PACKING pc=0x00000208006d6a41 sp=0x000000dcf77feda0
Event: 0.828 Thread 0x0000020876d75ec0 DEOPT UNPACKING pc=0x000002080004e23f sp=0x000000dcf77fe2d8 mode 0
Event: 0.828 Thread 0x0000020876d75ec0 DEOPT PACKING pc=0x00000208006d6a41 sp=0x000000dcf77feda0
Event: 0.828 Thread 0x0000020876d75ec0 DEOPT UNPACKING pc=0x000002080004e23f sp=0x000000dcf77fe2d8 mode 0
Event: 0.828 Thread 0x0000020876d75ec0 DEOPT PACKING pc=0x00000208006d6a41 sp=0x000000dcf77feda0
Event: 0.828 Thread 0x0000020876d75ec0 DEOPT UNPACKING pc=0x000002080004e23f sp=0x000000dcf77fe2d8 mode 0
Event: 0.829 Thread 0x0000020876d75ec0 DEOPT PACKING pc=0x00000208006d6a41 sp=0x000000dcf77feda0
Event: 0.829 Thread 0x0000020876d75ec0 DEOPT UNPACKING pc=0x000002080004e23f sp=0x000000dcf77fe2d8 mode 0
Event: 0.829 Thread 0x0000020876d75ec0 DEOPT PACKING pc=0x00000208006d6a41 sp=0x000000dcf77feda0
Event: 0.829 Thread 0x0000020876d75ec0 DEOPT UNPACKING pc=0x000002080004e23f sp=0x000000dcf77fe2d8 mode 0
Event: 0.829 Thread 0x0000020876d75ec0 DEOPT PACKING pc=0x00000208006d6a41 sp=0x000000dcf77feda0
Event: 0.829 Thread 0x0000020876d75ec0 DEOPT UNPACKING pc=0x000002080004e23f sp=0x000000dcf77fe2d8 mode 0
Event: 0.830 Thread 0x0000020876d75ec0 DEOPT PACKING pc=0x00000208006d6a41 sp=0x000000dcf77feda0
Event: 0.830 Thread 0x0000020876d75ec0 DEOPT UNPACKING pc=0x000002080004e23f sp=0x000000dcf77fe2d8 mode 0
Event: 0.830 Thread 0x0000020876d75ec0 DEOPT PACKING pc=0x00000208006d6a41 sp=0x000000dcf77feda0
Event: 0.830 Thread 0x0000020876d75ec0 DEOPT UNPACKING pc=0x000002080004e23f sp=0x000000dcf77fe2d8 mode 0
Event: 0.830 Thread 0x0000020876d75ec0 DEOPT PACKING pc=0x00000208006d6a41 sp=0x000000dcf77feda0
Event: 0.830 Thread 0x0000020876d75ec0 DEOPT UNPACKING pc=0x000002080004e23f sp=0x000000dcf77fe2d8 mode 0
Event: 0.833 Thread 0x0000020876be2c30 DEOPT PACKING pc=0x00000208006d6a41 sp=0x000000dcf76fe9e0
Event: 0.833 Thread 0x0000020876be2c30 DEOPT UNPACKING pc=0x000002080004e23f sp=0x000000dcf76fdf18 mode 0

Classes unloaded (0 events):
No events

Classes redefined (0 events):
No events

Internal exceptions (12 events):
Event: 0.238 Thread 0x000002086d799090 Exception <a 'java/lang/NoSuchMethodError'{0x00000000c57f0e40}: 'void java.lang.invoke.DirectMethodHandle$Holder.invokeSpecial(java.lang.Object, java.lang.Object, java.lang.Object)'> (0x00000000c57f0e40) 
thrown [./open/src/hotspot/share/interpreter/linkResolver.cpp, line 782]
Event: 0.300 Thread 0x000002086d799090 Exception <a 'java/lang/ClassNotFoundException'{0x00000000c5646d08}: sun/awt/resources/spi/awtProvider> (0x00000000c5646d08) 
thrown [./open/src/hotspot/share/classfile/systemDictionary.cpp, line 295]
Event: 0.338 Thread 0x000002086d799090 Exception <a 'java/io/FileNotFoundException'{0x00000000c56a30b8}> (0x00000000c56a30b8) 
thrown [./open/src/hotspot/share/prims/jni.cpp, line 578]
Event: 0.351 Thread 0x000002086d799090 Exception <a 'java/io/FileNotFoundException'{0x00000000c56d1bb8}> (0x00000000c56d1bb8) 
thrown [./open/src/hotspot/share/prims/jni.cpp, line 578]
Event: 0.352 Thread 0x000002086d799090 Exception <a 'java/lang/NoSuchMethodError'{0x00000000c56d2ef0}: 'java.lang.Object java.lang.invoke.DirectMethodHandle$Holder.invokeStatic(java.lang.Object)'> (0x00000000c56d2ef0) 
thrown [./open/src/hotspot/share/interpreter/linkResolver.cpp, line 782]
Event: 0.425 Thread 0x000002086d799090 Exception <a 'java/lang/NoSuchMethodError'{0x00000000c552ef00}: 'java.lang.Object java.lang.invoke.DirectMethodHandle$Holder.invokeStaticInit(java.lang.Object)'> (0x00000000c552ef00) 
thrown [./open/src/hotspot/share/interpreter/linkResolver.cpp, line 782]
Event: 0.489 Thread 0x000002086d799090 Exception <a 'java/lang/NoSuchMethodError'{0x00000000c55e3b98}: 'java.lang.Object java.lang.invoke.DirectMethodHandle$Holder.newInvokeSpecial(java.lang.Object, java.lang.Object, java.lang.Object, java.lang.Object, java.lang.Object)'> (0x00000000c55e3b98) 
thrown [./open/src/hotspot/share/interpreter/linkResolver.cpp, line 782]
Event: 0.491 Thread 0x000002086d799090 Exception <a 'java/lang/NoSuchMethodError'{0x00000000c55ef628}: 'java.lang.Object java.lang.invoke.DirectMethodHandle$Holder.invokeStatic(java.lang.Object, int, java.lang.Object, java.lang.Object, java.lang.Object, java.lang.Object)'> (0x00000000c55ef628) 
thrown [./open/src/hotspot/share/interpreter/linkResolver.cpp, line 782]
Event: 0.498 Thread 0x000002086d799090 Exception <a 'java/lang/NoSuchMethodError'{0x00000000c5415d80}: 'java.lang.Object java.lang.invoke.DirectMethodHandle$Holder.invokeStatic(java.lang.Object, int, java.lang.Object)'> (0x00000000c5415d80) 
thrown [./open/src/hotspot/share/interpreter/linkResolver.cpp, line 782]
Event: 0.526 Thread 0x000002086d799090 Exception <a 'java/lang/ClassNotFoundException'{0x00000000c54ce810}: com/sun/swing/internal/plaf/metal/resources/spi/metalProvider> (0x00000000c54ce810) 
thrown [./open/src/hotspot/share/classfile/systemDictionary.cpp, line 295]
Event: 0.527 Thread 0x000002086d799090 Exception <a 'java/lang/ClassNotFoundException'{0x00000000c54d2b70}: com/sun/swing/internal/plaf/basic/resources/spi/basicProvider> (0x00000000c54d2b70) 
thrown [./open/src/hotspot/share/classfile/systemDictionary.cpp, line 295]
Event: 0.660 Thread 0x0000020876be2c30 Exception <a 'java/lang/NoSuchMethodError'{0x00000000c52c33b8}: 'java.lang.Object java.lang.invoke.DirectMethodHandle$Holder.newInvokeSpecial(java.lang.Object, java.lang.Object, java.lang.Object, int, int, int, int, int)'> (0x00000000c52c33b8) 
thrown [./open/src/hotspot/share/interpreter/linkResolver.cpp, line 782]

Events (20 events):
Event: 0.664 loading class sun/awt/image/IntegerComponentRaster
Event: 0.664 loading class sun/awt/image/IntegerComponentRaster done
Event: 0.664 loading class sun/awt/image/IntegerInterleavedRaster done
Event: 0.666 loading class java/awt/image/BufferedImage
Event: 0.666 loading class java/awt/image/WritableRenderedImage
Event: 0.666 loading class java/awt/image/RenderedImage
Event: 0.666 loading class java/awt/image/RenderedImage done
Event: 0.666 loading class java/awt/image/WritableRenderedImage done
Event: 0.666 loading class java/awt/image/BufferedImage done
Event: 0.666 loading class java/awt/image/BufferedImage$1
Event: 0.667 loading class java/awt/image/BufferedImage$1 done
Event: 0.694 loading class java/awt/image/ReplicateScaleFilter
Event: 0.694 loading class java/awt/image/ImageFilter
Event: 0.694 loading class java/awt/image/ImageFilter done
Event: 0.694 Executing VM operation: HandshakeAllThreads
Event: 0.694 Executing VM operation: HandshakeAllThreads done
Event: 0.694 loading class java/awt/image/ReplicateScaleFilter done
Event: 0.694 loading class java/awt/image/FilteredImageSource
Event: 0.694 loading class java/awt/image/FilteredImageSource done
Event: 0.722 Thread 0x0000020876d75ec0 Thread added: 0x0000020876d75ec0


Dynamic libraries:
0x00007ff62bf80000 - 0x00007ff62bf8d000 	C:\Users\Home\.p2\pool\plugins\org.eclipse.justj.openjdk.hotspot.jre.full.win32.x86_64_15.0.1.v20201027-0507\jre\bin\javaw.exe
0x00007ffe83690000 - 0x00007ffe83886000 	C:\WINDOWS\SYSTEM32\ntdll.dll
0x00007ffe650a0000 - 0x00007ffe650b2000 	C:\Program Files\AVAST Software\Avast\aswhook.dll
0x00007ffe81b10000 - 0x00007ffe81bcd000 	C:\WINDOWS\System32\KERNEL32.DLL
0x00007ffe80dd0000 - 0x00007ffe81099000 	C:\WINDOWS\System32\KERNELBASE.dll
0x00007ffe813a0000 - 0x00007ffe814a0000 	C:\WINDOWS\System32\ucrtbase.dll
0x00007ffe7a350000 - 0x00007ffe7a368000 	C:\Users\Home\.p2\pool\plugins\org.eclipse.justj.openjdk.hotspot.jre.full.win32.x86_64_15.0.1.v20201027-0507\jre\bin\jli.dll
0x00007ffe83320000 - 0x00007ffe834c0000 	C:\WINDOWS\System32\USER32.dll
0x00007ffe81610000 - 0x00007ffe81632000 	C:\WINDOWS\System32\win32u.dll
0x00007ffe82fa0000 - 0x00007ffe82fca000 	C:\WINDOWS\System32\GDI32.dll
0x00007ffe81260000 - 0x00007ffe8136b000 	C:\WINDOWS\System32\gdi32full.dll
0x00007ffe814a0000 - 0x00007ffe8153d000 	C:\WINDOWS\System32\msvcp_win.dll
0x00007ffe7a330000 - 0x00007ffe7a349000 	C:\Users\Home\.p2\pool\plugins\org.eclipse.justj.openjdk.hotspot.jre.full.win32.x86_64_15.0.1.v20201027-0507\jre\bin\VCRUNTIME140.dll
0x00007ffe799d0000 - 0x00007ffe79c6b000 	C:\WINDOWS\WinSxS\amd64_microsoft.windows.common-controls_6595b64144ccf1df_6.0.19041.746_none_ca02b4b61b8320a4\COMCTL32.dll
0x00007ffe81a70000 - 0x00007ffe81b0e000 	C:\WINDOWS\System32\msvcrt.dll
0x00007ffe82e30000 - 0x00007ffe82e60000 	C:\WINDOWS\System32\IMM32.DLL
0x00007ffe7ca00000 - 0x00007ffe7ca0c000 	C:\Users\Home\.p2\pool\plugins\org.eclipse.justj.openjdk.hotspot.jre.full.win32.x86_64_15.0.1.v20201027-0507\jre\bin\vcruntime140_1.dll
0x00007ffe4e1a0000 - 0x00007ffe4e231000 	C:\Users\Home\.p2\pool\plugins\org.eclipse.justj.openjdk.hotspot.jre.full.win32.x86_64_15.0.1.v20201027-0507\jre\bin\msvcp140.dll
0x00007ffe4e8c0000 - 0x00007ffe4f41e000 	C:\Users\Home\.p2\pool\plugins\org.eclipse.justj.openjdk.hotspot.jre.full.win32.x86_64_15.0.1.v20201027-0507\jre\bin\server\jvm.dll
0x00007ffe822c0000 - 0x00007ffe8236c000 	C:\WINDOWS\System32\ADVAPI32.dll
0x00007ffe83040000 - 0x00007ffe830dc000 	C:\WINDOWS\System32\sechost.dll
0x00007ffe82e70000 - 0x00007ffe82f9b000 	C:\WINDOWS\System32\RPCRT4.dll
0x00007ffe826d0000 - 0x00007ffe826d8000 	C:\WINDOWS\System32\PSAPI.DLL
0x00007ffe788c0000 - 0x00007ffe788c9000 	C:\WINDOWS\SYSTEM32\WSOCK32.dll
0x00007ffe82fd0000 - 0x00007ffe8303b000 	C:\WINDOWS\System32\WS2_32.dll
0x00007ffe6e770000 - 0x00007ffe6e797000 	C:\WINDOWS\SYSTEM32\WINMM.dll
0x00007ffe7c950000 - 0x00007ffe7c95a000 	C:\WINDOWS\SYSTEM32\VERSION.dll
0x00007ffe7ed40000 - 0x00007ffe7ed52000 	C:\WINDOWS\SYSTEM32\kernel.appcore.dll
0x00007ffe7dde0000 - 0x00007ffe7ddea000 	C:\Users\Home\.p2\pool\plugins\org.eclipse.justj.openjdk.hotspot.jre.full.win32.x86_64_15.0.1.v20201027-0507\jre\bin\jimage.dll
0x00007ffe7acf0000 - 0x00007ffe7aed4000 	C:\WINDOWS\SYSTEM32\DBGHELP.DLL
0x00007ffe7acc0000 - 0x00007ffe7acec000 	C:\WINDOWS\SYSTEM32\dbgcore.DLL
0x00007ffe81540000 - 0x00007ffe815c0000 	C:\WINDOWS\System32\bcryptPrimitives.dll
0x00007ffe7a4e0000 - 0x00007ffe7a505000 	C:\Users\Home\.p2\pool\plugins\org.eclipse.justj.openjdk.hotspot.jre.full.win32.x86_64_15.0.1.v20201027-0507\jre\bin\java.dll
0x00007ffe7dd30000 - 0x00007ffe7dd48000 	C:\Users\Home\.p2\pool\plugins\org.eclipse.justj.openjdk.hotspot.jre.full.win32.x86_64_15.0.1.v20201027-0507\jre\bin\zip.dll
0x00007ffe826e0000 - 0x00007ffe82e22000 	C:\WINDOWS\System32\SHELL32.dll
0x00007ffe7ef40000 - 0x00007ffe7f6d0000 	C:\WINDOWS\SYSTEM32\windows.storage.dll
0x00007ffe816f0000 - 0x00007ffe81a46000 	C:\WINDOWS\System32\combase.dll
0x00007ffe80760000 - 0x00007ffe8078c000 	C:\WINDOWS\SYSTEM32\Wldp.dll
0x00007ffe831a0000 - 0x00007ffe8324e000 	C:\WINDOWS\System32\SHCORE.dll
0x00007ffe830e0000 - 0x00007ffe83135000 	C:\WINDOWS\System32\shlwapi.dll
0x00007ffe80d00000 - 0x00007ffe80d26000 	C:\WINDOWS\SYSTEM32\profapi.dll
0x00007ffe7b710000 - 0x00007ffe7b729000 	C:\Users\Home\.p2\pool\plugins\org.eclipse.justj.openjdk.hotspot.jre.full.win32.x86_64_15.0.1.v20201027-0507\jre\bin\net.dll
0x00007ffe7ab20000 - 0x00007ffe7ac20000 	C:\WINDOWS\SYSTEM32\WINHTTP.dll
0x00007ffe804e0000 - 0x00007ffe8054a000 	C:\WINDOWS\system32\mswsock.dll
0x00007ffe7a4c0000 - 0x00007ffe7a4d2000 	C:\Users\Home\.p2\pool\plugins\org.eclipse.justj.openjdk.hotspot.jre.full.win32.x86_64_15.0.1.v20201027-0507\jre\bin\nio.dll
0x00007ffe4e020000 - 0x00007ffe4e19f000 	C:\Users\Home\.p2\pool\plugins\org.eclipse.justj.openjdk.hotspot.jre.full.win32.x86_64_15.0.1.v20201027-0507\jre\bin\awt.dll
0x00007ffe83250000 - 0x00007ffe8331d000 	C:\WINDOWS\System32\OLEAUT32.dll
0x00007ffe7e6b0000 - 0x00007ffe7e740000 	C:\WINDOWS\SYSTEM32\apphelp.dll
0x00007ffe7ea50000 - 0x00007ffe7ea7f000 	C:\WINDOWS\system32\DWMAPI.DLL
0x00007ffe7e860000 - 0x00007ffe7e8fe000 	C:\WINDOWS\system32\uxtheme.dll
0x00007ffe5cc90000 - 0x00007ffe5cdb5000 	C:\WINDOWS\system32\opengl32.dll
0x00007ffe5cc60000 - 0x00007ffe5cc8c000 	C:\WINDOWS\SYSTEM32\GLU32.dll
0x00007ffe82370000 - 0x00007ffe82485000 	C:\WINDOWS\System32\MSCTF.dll
0x00007ffe83520000 - 0x00007ffe8364a000 	C:\WINDOWS\System32\ole32.dll

dbghelp: loaded successfully - version: 4.0.5 - missing functions: none
symbol engine: initialized successfully - sym options: 0x614 - pdb path: .;C:\Users\Home\.p2\pool\plugins\org.eclipse.justj.openjdk.hotspot.jre.full.win32.x86_64_15.0.1.v20201027-0507\jre\bin;C:\WINDOWS\SYSTEM32;C:\Program Files\AVAST Software\Avast;C:\WINDOWS\WinSxS\amd64_microsoft.windows.common-controls_6595b64144ccf1df_6.0.19041.746_none_ca02b4b61b8320a4;C:\Users\Home\.p2\pool\plugins\org.eclipse.justj.openjdk.hotspot.jre.full.win32.x86_64_15.0.1.v20201027-0507\jre\bin\server

VM Arguments:
jvm_args: -Dfile.encoding=Cp1252 -XX:+ShowCodeDetailsInExceptionMessages 
java_command: library.management.com.Home
java_class_path (initial): C:\Users\Home\eclipse-workspace\Library Management System\bin;C:\Users\Home\Desktop\mysql-connector-java-8.0.23\mysql-connector-java-8.0.23\mysql-connector-java-8.0.23.jar;C:\Users\Home\eclipse-workspace\Library Management System\src\library\management\com\Jar\jcalendar-tz-1.3.3-4.jar;C:\Users\Home\eclipse-workspace\Library Management System\src\library\management\com\Jar\rs2xml.jar
Launcher Type: SUN_STANDARD

[Global flags]
     intx CICompilerCount                          = 3                                         {product} {ergonomic}
     uint ConcGCThreads                            = 1                                         {product} {ergonomic}
     uint G1ConcRefinementThreads                  = 4                                         {product} {ergonomic}
   size_t G1HeapRegionSize                         = 1048576                                   {product} {ergonomic}
    uintx GCDrainStackTargetSize                   = 64                                        {product} {ergonomic}
   size_t InitialHeapSize                          = 67108864                                  {product} {ergonomic}
   size_t MarkStackSize                            = 4194304                                   {product} {ergonomic}
   size_t MaxHeapSize                              = 1048576000                                {product} {ergonomic}
   size_t MaxNewSize                               = 629145600                                 {product} {ergonomic}
   size_t MinHeapDeltaBytes                        = 1048576                                   {product} {ergonomic}
   size_t MinHeapSize                              = 8388608                                   {product} {ergonomic}
    uintx NonNMethodCodeHeapSize                   = 5832780                                {pd product} {ergonomic}
    uintx NonProfiledCodeHeapSize                  = 122912730                              {pd product} {ergonomic}
    uintx ProfiledCodeHeapSize                     = 122912730                              {pd product} {ergonomic}
    uintx ReservedCodeCacheSize                    = 251658240                              {pd product} {ergonomic}
     bool SegmentedCodeCache                       = true                                      {product} {ergonomic}
     bool ShowCodeDetailsInExceptionMessages       = true                                   {manageable} {command line}
   size_t SoftMaxHeapSize                          = 1048576000                             {manageable} {ergonomic}
     bool UseCompressedClassPointers               = true                                 {lp64_product} {ergonomic}
     bool UseCompressedOops                        = true                                 {lp64_product} {ergonomic}
     bool UseG1GC                                  = true                                      {product} {ergonomic}
     bool UseLargePagesIndividualAllocation        = false                                  {pd product} {ergonomic}

Logging:
Log output configuration:
 #0: stdout all=warning uptime,level,tags
 #1: stderr all=off uptime,level,tags

Environment Variables:
PATH=C:/Users/Home/.p2/pool/plugins/org.eclipse.justj.openjdk.hotspot.jre.full.win32.x86_64_15.0.1.v20201027-0507/jre/bin/server;C:/Users/Home/.p2/pool/plugins/org.eclipse.justj.openjdk.hotspot.jre.full.win32.x86_64_15.0.1.v20201027-0507/jre/bin;C:\Program Files (x86)\Common Files\Oracle\Java\javapath;C:\Program Files\Common Files\Oracle\Java\javapath;C:\WINDOWS\system32;C:\WINDOWS;C:\WINDOWS\System32\Wbem;C:\WINDOWS\System32\WindowsPowerShell\v1.0\;C:\WINDOWS\System32\OpenSSH\;C:\Program Files\Java\jdk-15.0.1\bin;C:\Program Files\Java\jre1.8.0_271\bin;C:\Users\Home\AppData\Local\Microsoft\WindowsApps;;C:\Users\Home\Desktop;
USERNAME=Home
OS=Windows_NT
PROCESSOR_IDENTIFIER=Intel64 Family 6 Model 58 Stepping 9, GenuineIntel



---------------  S Y S T E M  ---------------

OS:
 Windows 10 , 64 bit Build 19041 (10.0.19041.804)
OS uptime: 0 days 5:26 hours

CPU: total 4 (initial active 4) (2 cores per cpu, 2 threads per core) family 6 model 58 stepping 9 microcode 0x21, cmov, cx8, fxsr, mmx, sse, sse2, sse3, ssse3, sse4.1, sse4.2, popcnt, vzeroupper, avx, clmul, erms, ht, tsc, tscinvbit, tscinv, clflush

Memory: 4k page, system-wide physical 3996M (214M free)
TotalPageFile size 16284M (AvailPageFile size 2M)
current process WorkingSet (physical memory assigned to process): 67M, peak: 67M
current process commit charge ("private bytes"): 146M, peak: 146M

vm_info: OpenJDK 64-Bit Server VM (15.0.1+9-18) for windows-amd64 JRE (15.0.1+9-18), built on Sep 15 2020 14:39:31 by "mach5one" with unknown MS VC++:1925

END.
